nohup: ignoring input
# TOBIAS 0.17.0 ATACorrect (run started 2024-08-13 00:07:54.225580)
# Working directory: /home/kfirinbal/ATAC-seq_CovVac/Bulk_Groups
# Command line call: TOBIAS ATACorrect --bam /home/kfirinbal/ATAC-seq_CovVac/Bulk_Groups/CD4//CD4_Good/CD4_Good_merged.bam --genome /home/kfirinbal/ATAC-seq_CovVac/Reference_Annotations/Homo_sapiens.GRCh38.dna.primary_assembly.fa --peaks /home/kfirinbal/ATAC-seq_CovVac/Bulk_Groups/CD4/CD4_Good/Peaks//CD4_Good_peak_peaks.narrowPeak --blacklist /home/kfirinbal/ATAC-seq_CovVac/ENCODE_BlackList_Regions/hg38-blacklist.v2.bed --outdir /home/kfirinbal/ATAC-seq_CovVac/Bulk_Groups/CD4/CD4_Good/ATACorrect/ --cores 30 --split 10

# ----- Input parameters -----
# bam:	/home/kfirinbal/ATAC-seq_CovVac/Bulk_Groups/CD4//CD4_Good/CD4_Good_merged.bam
# genome:	/home/kfirinbal/ATAC-seq_CovVac/Reference_Annotations/Homo_sapiens.GRCh38.dna.primary_assembly.fa
# peaks:	/home/kfirinbal/ATAC-seq_CovVac/Bulk_Groups/CD4/CD4_Good/Peaks//CD4_Good_peak_peaks.narrowPeak
# regions_in:	None
# regions_out:	None
# blacklist:	/home/kfirinbal/ATAC-seq_CovVac/ENCODE_BlackList_Regions/hg38-blacklist.v2.bed
# extend:	100
# split_strands:	False
# norm_off:	False
# track_off:	[]
# drop_chroms:	['chrM', 'chrMT', 'M', 'MT', 'Mito']
# k_flank:	12
# read_shift:	[4, -5]
# bg_shift:	100
# window:	100
# score_mat:	DWM
# bias_pkl:	None
# prefix:	CD4_Good_merged
# outdir:	/home/kfirinbal/ATAC-seq_CovVac/Bulk_Groups/CD4/CD4_Good/ATACorrect
# cores:	30
# split:	10
# verbosity:	3


# ----- Output files -----
# /home/kfirinbal/ATAC-seq_CovVac/Bulk_Groups/CD4/CD4_Good/ATACorrect/CD4_Good_merged_uncorrected.bw
# /home/kfirinbal/ATAC-seq_CovVac/Bulk_Groups/CD4/CD4_Good/ATACorrect/CD4_Good_merged_bias.bw
# /home/kfirinbal/ATAC-seq_CovVac/Bulk_Groups/CD4/CD4_Good/ATACorrect/CD4_Good_merged_expected.bw
# /home/kfirinbal/ATAC-seq_CovVac/Bulk_Groups/CD4/CD4_Good/ATACorrect/CD4_Good_merged_corrected.bw
# /home/kfirinbal/ATAC-seq_CovVac/Bulk_Groups/CD4/CD4_Good/ATACorrect/CD4_Good_merged_atacorrect.pdf


2024-08-13 00:07:54 (1633795) [INFO]	----- Processing input data -----
2024-08-13 00:07:54 (1633795) [INFO]	Reading info from .bam file
2024-08-13 00:07:54 (1633795) [INFO]	Reading info from .fasta file
2024-08-13 00:07:54 (1633795) [INFO]	The following contigs were dropped from analysis because they were found in '--drop-chroms': ['MT']
2024-08-13 00:07:54 (1633795) [INFO]	Processing input/output regions
2024-08-13 00:07:59 (1633795) [STATS]	genome: 193 regions | 3099734149 bp | 100.00% coverage
2024-08-13 00:07:59 (1633795) [STATS]	input_regions: 117543 regions | 3065468849 bp | 98.89% coverage
2024-08-13 00:07:59 (1633795) [STATS]	output_regions: 83117 regions | 51428396 bp | 1.66% coverage
2024-08-13 00:07:59 (1633795) [STATS]	peak_regions: 85589 regions | 34265300 bp | 1.11% coverage
2024-08-13 00:07:59 (1633795) [STATS]	nonpeak_regions: 117543 regions | 3065468849 bp | 98.89% coverage
2024-08-13 00:07:59 (1633795) [STATS]	blacklist_regions: 636 regions | 227162400 bp | 7.33% coverage

2024-08-13 00:07:59 (1633795) [INFO]	----- Estimating normalization factors -----
2024-08-13 00:07:59 (1633795) [INFO]	Counting reads in peak regions
2024-08-13 00:08:00 (1633795) [INFO]	Progress: 0%
2024-08-13 00:08:09 (1633795) [INFO]	Progress: 20%
2024-08-13 00:08:09 (1633795) [INFO]	Progress: 40%
2024-08-13 00:08:10 (1633795) [INFO]	Progress: 70%
2024-08-13 00:08:12 (1633795) [INFO]	Progress: 80%
2024-08-13 00:08:13 (1633795) [INFO]	Progress: 90%
2024-08-13 00:08:15 (1633795) [INFO]	Progress: 100%

2024-08-13 00:08:15 (1633795) [INFO]	Counting reads in nonpeak regions
2024-08-13 00:08:15 (1633795) [INFO]	Progress: 0%
2024-08-13 00:10:02 (1633795) [INFO]	Progress: 10%
2024-08-13 00:10:05 (1633795) [INFO]	Progress: 20%
2024-08-13 00:10:06 (1633795) [INFO]	Progress: 30%
2024-08-13 00:10:08 (1633795) [INFO]	Progress: 50%
2024-08-13 00:10:10 (1633795) [INFO]	Progress: 60%
2024-08-13 00:10:11 (1633795) [INFO]	Progress: 70%
2024-08-13 00:10:12 (1633795) [INFO]	Progress: 80%
2024-08-13 00:10:15 (1633795) [INFO]	Progress: 100%
2024-08-13 00:10:15 (1633795) [STATS]	TOTAL_READS	257910882
2024-08-13 00:10:15 (1633795) [STATS]	PEAK_READS	17275645
2024-08-13 00:10:15 (1633795) [STATS]	NONPEAK_READS	240635237
2024-08-13 00:10:15 (1633795) [STATS]	LIB_NORM	0.03877
2024-08-13 00:10:15 (1633795) [STATS]	FRiP	0.06698
2024-08-13 00:10:15 (1633795) [STATS]	CORRECTION_FACTOR:	0.57885

2024-08-13 00:10:15 (1633795) [INFO]	Started estimation of sequence bias...
2024-08-13 00:10:15 (1633795) [INFO]	Progress: 0%
2024-08-13 00:14:22 (1633795) [INFO]	Progress: 10%
2024-08-13 00:14:23 (1633795) [INFO]	Progress: 20%
2024-08-13 00:14:35 (1633795) [INFO]	Progress: 30%
2024-08-13 00:14:38 (1633795) [INFO]	Progress: 40%
2024-08-13 00:14:50 (1633795) [INFO]	Progress: 50%
2024-08-13 00:14:52 (1633795) [INFO]	Progress: 60%
2024-08-13 00:14:53 (1633795) [INFO]	Progress: 70%
2024-08-13 00:14:56 (1633795) [INFO]	Progress: 80%
2024-08-13 00:14:57 (1633795) [INFO]	Progress: 90%
2024-08-13 00:14:58 (1633795) [INFO]	Progress: 100%
2024-08-13 00:14:58 (1633795) [INFO]	Finalizing bias motif for scoring

2024-08-13 00:14:59 (1633795) [INFO]	----- Correcting reads from .bam within output regions -----
2024-08-13 00:14:59 (1633795) [INFO]	Correction progress: 0%
2024-08-13 00:28:16 (1633795) [INFO]	Correction progress: 10.0%
2024-08-13 00:28:35 (1633795) [INFO]	Correction progress: 20.0%
2024-08-13 00:28:41 (1633795) [INFO]	Correction progress: 30.0%
2024-08-13 00:29:00 (1633795) [INFO]	Correction progress: 40.0%
2024-08-13 00:29:01 (1633795) [INFO]	Correction progress: 50.0%
2024-08-13 00:29:11 (1633795) [INFO]	Correction progress: 60.0%
2024-08-13 00:29:28 (1633795) [INFO]	Correction progress: 70.0%
2024-08-13 00:29:52 (1633795) [INFO]	Correction progress: 80.0%
2024-08-13 00:30:13 (1633795) [INFO]	Correction progress: 90.0%
2024-08-13 00:31:26 (1633795) [INFO]	Correction progress: 100.0%
2024-08-13 00:31:26 (1633795) [INFO]	Correction progress: done!
2024-08-13 00:31:31 (1636823) [INFO]	Closing /home/kfirinbal/ATAC-seq_CovVac/Bulk_Groups/CD4/CD4_Good/ATACorrect/CD4_Good_merged_uncorrected.bw (this might take some time)
2024-08-13 00:31:44 (1636827) [INFO]	Closing /home/kfirinbal/ATAC-seq_CovVac/Bulk_Groups/CD4/CD4_Good/ATACorrect/CD4_Good_merged_expected.bw (this might take some time)
2024-08-13 00:31:45 (1636825) [INFO]	Closing /home/kfirinbal/ATAC-seq_CovVac/Bulk_Groups/CD4/CD4_Good/ATACorrect/CD4_Good_merged_bias.bw (this might take some time)
2024-08-13 00:31:57 (1636823) [INFO]	Closing /home/kfirinbal/ATAC-seq_CovVac/Bulk_Groups/CD4/CD4_Good/ATACorrect/CD4_Good_merged_corrected.bw (this might take some time)

2024-08-13 00:32:20 (1633795) [INFO]	Verifying bias correction
2024-08-13 00:32:20 (1633795) [STATS]	BIAS	pre-bias variance forward:	0.0002432
2024-08-13 00:32:20 (1633795) [STATS]	BIAS	post-bias variance forward:	0.0000095
2024-08-13 00:32:20 (1633795) [STATS]	BIAS	pre-bias variance reverse:	0.0001564
2024-08-13 00:32:20 (1633795) [STATS]	BIAS	post-bias variance reverse:	0.0000069

2024-08-13 00:32:20 (1633795) [INFO]	Finished ATACorrect run (total time elapsed: 0:24:26.463043)
# TOBIAS 0.17.0 ATACorrect (run started 2024-08-13 00:32:22.185781)
# Working directory: /home/kfirinbal/ATAC-seq_CovVac/Bulk_Groups
# Command line call: TOBIAS ATACorrect --bam /home/kfirinbal/ATAC-seq_CovVac/Bulk_Groups/CD4//CD4_Poor/CD4_Poor_merged.bam --genome /home/kfirinbal/ATAC-seq_CovVac/Reference_Annotations/Homo_sapiens.GRCh38.dna.primary_assembly.fa --peaks /home/kfirinbal/ATAC-seq_CovVac/Bulk_Groups/CD4/CD4_Poor/Peaks//CD4_Poor_peak_peaks.narrowPeak --blacklist /home/kfirinbal/ATAC-seq_CovVac/ENCODE_BlackList_Regions/hg38-blacklist.v2.bed --outdir /home/kfirinbal/ATAC-seq_CovVac/Bulk_Groups/CD4/CD4_Poor/ATACorrect/ --cores 30 --split 10

# ----- Input parameters -----
# bam:	/home/kfirinbal/ATAC-seq_CovVac/Bulk_Groups/CD4//CD4_Poor/CD4_Poor_merged.bam
# genome:	/home/kfirinbal/ATAC-seq_CovVac/Reference_Annotations/Homo_sapiens.GRCh38.dna.primary_assembly.fa
# peaks:	/home/kfirinbal/ATAC-seq_CovVac/Bulk_Groups/CD4/CD4_Poor/Peaks//CD4_Poor_peak_peaks.narrowPeak
# regions_in:	None
# regions_out:	None
# blacklist:	/home/kfirinbal/ATAC-seq_CovVac/ENCODE_BlackList_Regions/hg38-blacklist.v2.bed
# extend:	100
# split_strands:	False
# norm_off:	False
# track_off:	[]
# drop_chroms:	['chrM', 'chrMT', 'M', 'MT', 'Mito']
# k_flank:	12
# read_shift:	[4, -5]
# bg_shift:	100
# window:	100
# score_mat:	DWM
# bias_pkl:	None
# prefix:	CD4_Poor_merged
# outdir:	/home/kfirinbal/ATAC-seq_CovVac/Bulk_Groups/CD4/CD4_Poor/ATACorrect
# cores:	30
# split:	10
# verbosity:	3


# ----- Output files -----
# /home/kfirinbal/ATAC-seq_CovVac/Bulk_Groups/CD4/CD4_Poor/ATACorrect/CD4_Poor_merged_uncorrected.bw
# /home/kfirinbal/ATAC-seq_CovVac/Bulk_Groups/CD4/CD4_Poor/ATACorrect/CD4_Poor_merged_bias.bw
# /home/kfirinbal/ATAC-seq_CovVac/Bulk_Groups/CD4/CD4_Poor/ATACorrect/CD4_Poor_merged_expected.bw
# /home/kfirinbal/ATAC-seq_CovVac/Bulk_Groups/CD4/CD4_Poor/ATACorrect/CD4_Poor_merged_corrected.bw
# /home/kfirinbal/ATAC-seq_CovVac/Bulk_Groups/CD4/CD4_Poor/ATACorrect/CD4_Poor_merged_atacorrect.pdf


2024-08-13 00:32:22 (1643199) [INFO]	----- Processing input data -----
2024-08-13 00:32:22 (1643199) [INFO]	Reading info from .bam file
2024-08-13 00:32:22 (1643199) [INFO]	Reading info from .fasta file
2024-08-13 00:32:22 (1643199) [INFO]	The following contigs were dropped from analysis because they were found in '--drop-chroms': ['MT']
2024-08-13 00:32:22 (1643199) [INFO]	Processing input/output regions
2024-08-13 00:32:26 (1643199) [STATS]	genome: 193 regions | 3099734149 bp | 100.00% coverage
2024-08-13 00:32:26 (1643199) [STATS]	input_regions: 106736 regions | 3070551698 bp | 99.06% coverage
2024-08-13 00:32:26 (1643199) [STATS]	output_regions: 68090 regions | 43281034 bp | 1.40% coverage
2024-08-13 00:32:26 (1643199) [STATS]	peak_regions: 70314 regions | 29182451 bp | 0.94% coverage
2024-08-13 00:32:26 (1643199) [STATS]	nonpeak_regions: 106736 regions | 3070551698 bp | 99.06% coverage
2024-08-13 00:32:26 (1643199) [STATS]	blacklist_regions: 636 regions | 227162400 bp | 7.33% coverage

2024-08-13 00:32:26 (1643199) [INFO]	----- Estimating normalization factors -----
2024-08-13 00:32:26 (1643199) [INFO]	Counting reads in peak regions
2024-08-13 00:32:26 (1643199) [INFO]	Progress: 0%
2024-08-13 00:32:34 (1643199) [INFO]	Progress: 20%
2024-08-13 00:32:35 (1643199) [INFO]	Progress: 30%
2024-08-13 00:32:35 (1643199) [INFO]	Progress: 70%
2024-08-13 00:32:36 (1643199) [INFO]	Progress: 80%
2024-08-13 00:32:38 (1643199) [INFO]	Progress: 90%
2024-08-13 00:32:39 (1643199) [INFO]	Progress: 100%

2024-08-13 00:32:39 (1643199) [INFO]	Counting reads in nonpeak regions
2024-08-13 00:32:39 (1643199) [INFO]	Progress: 0%
2024-08-13 00:34:17 (1643199) [INFO]	Progress: 10%
2024-08-13 00:34:19 (1643199) [INFO]	Progress: 20%
2024-08-13 00:34:26 (1643199) [INFO]	Progress: 30%
2024-08-13 00:34:29 (1643199) [INFO]	Progress: 40%
2024-08-13 00:34:30 (1643199) [INFO]	Progress: 60%
2024-08-13 00:34:30 (1643199) [INFO]	Progress: 80%
2024-08-13 00:34:31 (1643199) [INFO]	Progress: 90%
2024-08-13 00:34:35 (1643199) [INFO]	Progress: 100%
2024-08-13 00:34:35 (1643199) [STATS]	TOTAL_READS	247950154
2024-08-13 00:34:35 (1643199) [STATS]	PEAK_READS	15132964
2024-08-13 00:34:35 (1643199) [STATS]	NONPEAK_READS	232817190
2024-08-13 00:34:35 (1643199) [STATS]	LIB_NORM	0.04033
2024-08-13 00:34:35 (1643199) [STATS]	FRiP	0.06103
2024-08-13 00:34:35 (1643199) [STATS]	CORRECTION_FACTOR:	0.66081

2024-08-13 00:34:35 (1643199) [INFO]	Started estimation of sequence bias...
2024-08-13 00:34:35 (1643199) [INFO]	Progress: 0%
2024-08-13 00:38:36 (1643199) [INFO]	Progress: 10%
2024-08-13 00:38:40 (1643199) [INFO]	Progress: 20%
2024-08-13 00:38:43 (1643199) [INFO]	Progress: 30%
2024-08-13 00:38:45 (1643199) [INFO]	Progress: 40%
2024-08-13 00:38:49 (1643199) [INFO]	Progress: 50%
2024-08-13 00:38:54 (1643199) [INFO]	Progress: 60%
2024-08-13 00:39:02 (1643199) [INFO]	Progress: 70%
2024-08-13 00:39:04 (1643199) [INFO]	Progress: 80%
2024-08-13 00:39:14 (1643199) [INFO]	Progress: 90%
2024-08-13 00:39:15 (1643199) [INFO]	Progress: 100%
2024-08-13 00:39:15 (1643199) [INFO]	Finalizing bias motif for scoring

2024-08-13 00:39:15 (1643199) [INFO]	----- Correcting reads from .bam within output regions -----
2024-08-13 00:39:16 (1643199) [INFO]	Correction progress: 0%
2024-08-13 00:50:30 (1643199) [INFO]	Correction progress: 10.0%
2024-08-13 00:50:50 (1643199) [INFO]	Correction progress: 20.0%
2024-08-13 00:50:56 (1643199) [INFO]	Correction progress: 30.0%
2024-08-13 00:51:00 (1643199) [INFO]	Correction progress: 40.0%
2024-08-13 00:51:00 (1643199) [INFO]	Correction progress: 50.0%
2024-08-13 00:51:01 (1643199) [INFO]	Correction progress: 60.0%
2024-08-13 00:51:24 (1643199) [INFO]	Correction progress: 70.0%
2024-08-13 00:51:39 (1643199) [INFO]	Correction progress: 80.0%
2024-08-13 00:52:19 (1643199) [INFO]	Correction progress: 90.0%
2024-08-13 00:52:26 (1643199) [INFO]	Correction progress: 100.0%
2024-08-13 00:52:26 (1643199) [INFO]	Correction progress: done!
2024-08-13 00:52:30 (1646154) [INFO]	Closing /home/kfirinbal/ATAC-seq_CovVac/Bulk_Groups/CD4/CD4_Poor/ATACorrect/CD4_Poor_merged_uncorrected.bw (this might take some time)
2024-08-13 00:52:41 (1646158) [INFO]	Closing /home/kfirinbal/ATAC-seq_CovVac/Bulk_Groups/CD4/CD4_Poor/ATACorrect/CD4_Poor_merged_expected.bw (this might take some time)
2024-08-13 00:52:42 (1646156) [INFO]	Closing /home/kfirinbal/ATAC-seq_CovVac/Bulk_Groups/CD4/CD4_Poor/ATACorrect/CD4_Poor_merged_bias.bw (this might take some time)
2024-08-13 00:52:52 (1646154) [INFO]	Closing /home/kfirinbal/ATAC-seq_CovVac/Bulk_Groups/CD4/CD4_Poor/ATACorrect/CD4_Poor_merged_corrected.bw (this might take some time)

2024-08-13 00:53:11 (1643199) [INFO]	Verifying bias correction
2024-08-13 00:53:11 (1643199) [STATS]	BIAS	pre-bias variance forward:	0.0002487
2024-08-13 00:53:11 (1643199) [STATS]	BIAS	post-bias variance forward:	0.0000103
2024-08-13 00:53:11 (1643199) [STATS]	BIAS	pre-bias variance reverse:	0.0001543
2024-08-13 00:53:11 (1643199) [STATS]	BIAS	post-bias variance reverse:	0.0000073

2024-08-13 00:53:12 (1643199) [INFO]	Finished ATACorrect run (total time elapsed: 0:20:50.052185)
