nohup: ignoring input
# TOBIAS 0.17.0 ScoreBigwig (run started 2024-08-15 01:21:27.261417)
# Working directory: /home/kfirinbal/ATAC-seq_CovVac/Bulk_Groups
# Command line call: TOBIAS ScoreBigwig --signal /home/kfirinbal/ATAC-seq_CovVac/Bulk_Groups/CD8/CD8_Good/./ATACorrect//CD8_Good_merged_corrected.bw --regions /home/kfirinbal/ATAC-seq_CovVac/Bulk_Groups/CD8/CD8_Good/Peaks/CD8_Good_peak_peaks.narrowPeak --output /home/kfirinbal/ATAC-seq_CovVac/Bulk_Groups/CD8/CD8_Good/ScoreBigWig//CD8_Good_footprints.bw --cores 30 --split 10

# ----- Input parameters -----
# signal:	/home/kfirinbal/ATAC-seq_CovVac/Bulk_Groups/CD8/CD8_Good/./ATACorrect//CD8_Good_merged_corrected.bw
# output:	/home/kfirinbal/ATAC-seq_CovVac/Bulk_Groups/CD8/CD8_Good/ScoreBigWig//CD8_Good_footprints.bw
# regions:	/home/kfirinbal/ATAC-seq_CovVac/Bulk_Groups/CD8/CD8_Good/Peaks/CD8_Good_peak_peaks.narrowPeak
# score:	footprint
# absolute:	False
# extend:	100
# smooth:	1
# min_limit:	None
# max_limit:	None
# fp_min:	20
# fp_max:	50
# flank_min:	10
# flank_max:	30
# window:	100
# cores:	30
# split:	10
# verbosity:	3


# ----- Output files -----
# /home/kfirinbal/ATAC-seq_CovVac/Bulk_Groups/CD8/CD8_Good/ScoreBigWig//CD8_Good_footprints.bw


2024-08-15 01:21:27 (2508281) [INFO]	Processing input files
2024-08-15 01:21:27 (2508281) [INFO]	- Opening input cutsite bigwig
2024-08-15 01:21:27 (2508281) [INFO]	- Getting output regions ready
2024-08-15 01:21:27 (2508281) [INFO]	Calculating footprints in regions...
2024-08-15 01:21:28 (2508281) [INFO]	Progress 0%
2024-08-15 01:28:34 (2508281) [INFO]	Progress 10.0%
2024-08-15 01:28:49 (2508281) [INFO]	Progress 20.0%
2024-08-15 01:28:51 (2508281) [INFO]	Progress 30.0%
2024-08-15 01:28:54 (2508281) [INFO]	Progress 40.0%
2024-08-15 01:28:55 (2508281) [INFO]	Progress 50.0%
2024-08-15 01:28:59 (2508281) [INFO]	Progress 60.0%
2024-08-15 01:29:05 (2508281) [INFO]	Progress 70.0%
2024-08-15 01:29:18 (2508281) [INFO]	Progress 80.0%
2024-08-15 01:29:42 (2508281) [INFO]	Progress 90.0%
2024-08-15 01:29:49 (2508281) [INFO]	Progress 100.0%
2024-08-15 01:29:49 (2508281) [INFO]	Progress done!
2024-08-15 01:30:00 (2508444) [INFO]	Closing /home/kfirinbal/ATAC-seq_CovVac/Bulk_Groups/CD8/CD8_Good/ScoreBigWig//CD8_Good_footprints.bw (this might take some time)

2024-08-15 01:30:14 (2508281) [INFO]	Finished ScoreBigwig run (total time elapsed: 0:08:47.551521)
# TOBIAS 0.17.0 ScoreBigwig (run started 2024-08-15 01:30:15.662012)
# Working directory: /home/kfirinbal/ATAC-seq_CovVac/Bulk_Groups
# Command line call: TOBIAS ScoreBigwig --signal /home/kfirinbal/ATAC-seq_CovVac/Bulk_Groups/CD8/CD8_Poor/./ATACorrect//CD8_Poor_merged_corrected.bw --regions /home/kfirinbal/ATAC-seq_CovVac/Bulk_Groups/CD8/CD8_Poor/Peaks/CD8_Poor_peak_peaks.narrowPeak --output /home/kfirinbal/ATAC-seq_CovVac/Bulk_Groups/CD8/CD8_Poor/ScoreBigWig//CD8_Poor_footprints.bw --cores 30 --split 10

# ----- Input parameters -----
# signal:	/home/kfirinbal/ATAC-seq_CovVac/Bulk_Groups/CD8/CD8_Poor/./ATACorrect//CD8_Poor_merged_corrected.bw
# output:	/home/kfirinbal/ATAC-seq_CovVac/Bulk_Groups/CD8/CD8_Poor/ScoreBigWig//CD8_Poor_footprints.bw
# regions:	/home/kfirinbal/ATAC-seq_CovVac/Bulk_Groups/CD8/CD8_Poor/Peaks/CD8_Poor_peak_peaks.narrowPeak
# score:	footprint
# absolute:	False
# extend:	100
# smooth:	1
# min_limit:	None
# max_limit:	None
# fp_min:	20
# fp_max:	50
# flank_min:	10
# flank_max:	30
# window:	100
# cores:	30
# split:	10
# verbosity:	3


# ----- Output files -----
# /home/kfirinbal/ATAC-seq_CovVac/Bulk_Groups/CD8/CD8_Poor/ScoreBigWig//CD8_Poor_footprints.bw


2024-08-15 01:30:15 (2511843) [INFO]	Processing input files
2024-08-15 01:30:15 (2511843) [INFO]	- Opening input cutsite bigwig
2024-08-15 01:30:15 (2511843) [INFO]	- Getting output regions ready
2024-08-15 01:30:16 (2511843) [INFO]	Calculating footprints in regions...
2024-08-15 01:30:16 (2511843) [INFO]	Progress 0%
2024-08-15 01:39:08 (2511843) [INFO]	Progress 10.0%
2024-08-15 01:39:13 (2511843) [INFO]	Progress 20.0%
2024-08-15 01:39:14 (2511843) [INFO]	Progress 30.0%
2024-08-15 01:39:25 (2511843) [INFO]	Progress 40.0%
2024-08-15 01:39:25 (2511843) [INFO]	Progress 50.0%
2024-08-15 01:39:34 (2511843) [INFO]	Progress 60.0%
2024-08-15 01:39:35 (2511843) [INFO]	Progress 70.0%
2024-08-15 01:39:57 (2511843) [INFO]	Progress 80.0%
2024-08-15 01:40:26 (2511843) [INFO]	Progress 90.0%
2024-08-15 01:40:40 (2511843) [INFO]	Progress 100.0%
2024-08-15 01:40:40 (2511843) [INFO]	Progress done!
2024-08-15 01:40:53 (2512006) [INFO]	Closing /home/kfirinbal/ATAC-seq_CovVac/Bulk_Groups/CD8/CD8_Poor/ScoreBigWig//CD8_Poor_footprints.bw (this might take some time)

2024-08-15 01:41:11 (2511843) [INFO]	Finished ScoreBigwig run (total time elapsed: 0:10:55.915069)
