nohup: ignoring input
INFO  @ Wed, 14 Aug 2024 22:20:34: 
# Command line: callpeak -t CD8_Good/CD8_Good_merged.bam -f BAMPE -n CD8_Good/Peaks//CD8_Good_peak -g 2701495711 --keep-dup all
# ARGUMENTS LIST:
# name = CD8_Good/Peaks//CD8_Good_peak
# format = BAMPE
# ChIP-seq file = ['CD8_Good/CD8_Good_merged.bam']
# control file = None
# effective genome size = 2.70e+09
# band width = 300
# model fold = [5, 50]
# qvalue cutoff = 5.00e-02
# The maximum gap between significant sites is assigned as the read length/tag size.
# The minimum length of peaks is assigned as the predicted fragment length "d".
# Larger dataset will be scaled towards smaller dataset.
# Range for calculating regional lambda is: 10000 bps
# Broad region calling is off
# Paired-End mode is on
 
INFO  @ Wed, 14 Aug 2024 22:20:34: #1 read fragment files... 
INFO  @ Wed, 14 Aug 2024 22:20:34: #1 read treatment fragments... 
INFO  @ Wed, 14 Aug 2024 22:20:36:  1000000 
INFO  @ Wed, 14 Aug 2024 22:20:39:  2000000 
INFO  @ Wed, 14 Aug 2024 22:20:41:  3000000 
INFO  @ Wed, 14 Aug 2024 22:20:43:  4000000 
INFO  @ Wed, 14 Aug 2024 22:20:46:  5000000 
INFO  @ Wed, 14 Aug 2024 22:20:48:  6000000 
INFO  @ Wed, 14 Aug 2024 22:20:50:  7000000 
INFO  @ Wed, 14 Aug 2024 22:20:52:  8000000 
INFO  @ Wed, 14 Aug 2024 22:20:55:  9000000 
INFO  @ Wed, 14 Aug 2024 22:20:57:  10000000 
INFO  @ Wed, 14 Aug 2024 22:20:59:  11000000 
INFO  @ Wed, 14 Aug 2024 22:21:01:  12000000 
INFO  @ Wed, 14 Aug 2024 22:21:04:  13000000 
INFO  @ Wed, 14 Aug 2024 22:21:06:  14000000 
INFO  @ Wed, 14 Aug 2024 22:21:08:  15000000 
INFO  @ Wed, 14 Aug 2024 22:21:11:  16000000 
INFO  @ Wed, 14 Aug 2024 22:21:13:  17000000 
INFO  @ Wed, 14 Aug 2024 22:21:15:  18000000 
INFO  @ Wed, 14 Aug 2024 22:21:17:  19000000 
INFO  @ Wed, 14 Aug 2024 22:21:20:  20000000 
INFO  @ Wed, 14 Aug 2024 22:21:22:  21000000 
INFO  @ Wed, 14 Aug 2024 22:21:24:  22000000 
INFO  @ Wed, 14 Aug 2024 22:21:27:  23000000 
INFO  @ Wed, 14 Aug 2024 22:21:29:  24000000 
INFO  @ Wed, 14 Aug 2024 22:21:31:  25000000 
INFO  @ Wed, 14 Aug 2024 22:21:33:  26000000 
INFO  @ Wed, 14 Aug 2024 22:21:36:  27000000 
INFO  @ Wed, 14 Aug 2024 22:21:38:  28000000 
INFO  @ Wed, 14 Aug 2024 22:21:40:  29000000 
INFO  @ Wed, 14 Aug 2024 22:21:42:  30000000 
INFO  @ Wed, 14 Aug 2024 22:21:45:  31000000 
INFO  @ Wed, 14 Aug 2024 22:21:47:  32000000 
INFO  @ Wed, 14 Aug 2024 22:21:49:  33000000 
INFO  @ Wed, 14 Aug 2024 22:21:52:  34000000 
INFO  @ Wed, 14 Aug 2024 22:21:54:  35000000 
INFO  @ Wed, 14 Aug 2024 22:21:56:  36000000 
INFO  @ Wed, 14 Aug 2024 22:21:58:  37000000 
INFO  @ Wed, 14 Aug 2024 22:22:01:  38000000 
INFO  @ Wed, 14 Aug 2024 22:22:03:  39000000 
INFO  @ Wed, 14 Aug 2024 22:22:05:  40000000 
INFO  @ Wed, 14 Aug 2024 22:22:08:  41000000 
INFO  @ Wed, 14 Aug 2024 22:22:10:  42000000 
INFO  @ Wed, 14 Aug 2024 22:22:12:  43000000 
INFO  @ Wed, 14 Aug 2024 22:22:14:  44000000 
INFO  @ Wed, 14 Aug 2024 22:22:17:  45000000 
INFO  @ Wed, 14 Aug 2024 22:22:19:  46000000 
INFO  @ Wed, 14 Aug 2024 22:22:21:  47000000 
INFO  @ Wed, 14 Aug 2024 22:22:24:  48000000 
INFO  @ Wed, 14 Aug 2024 22:22:26:  49000000 
INFO  @ Wed, 14 Aug 2024 22:22:28:  50000000 
INFO  @ Wed, 14 Aug 2024 22:22:30:  51000000 
INFO  @ Wed, 14 Aug 2024 22:22:33:  52000000 
INFO  @ Wed, 14 Aug 2024 22:22:35:  53000000 
INFO  @ Wed, 14 Aug 2024 22:22:37:  54000000 
INFO  @ Wed, 14 Aug 2024 22:22:39:  55000000 
INFO  @ Wed, 14 Aug 2024 22:22:42:  56000000 
INFO  @ Wed, 14 Aug 2024 22:22:44:  57000000 
INFO  @ Wed, 14 Aug 2024 22:22:46:  58000000 
INFO  @ Wed, 14 Aug 2024 22:22:49:  59000000 
INFO  @ Wed, 14 Aug 2024 22:22:51:  60000000 
INFO  @ Wed, 14 Aug 2024 22:22:53:  61000000 
INFO  @ Wed, 14 Aug 2024 22:22:55:  62000000 
INFO  @ Wed, 14 Aug 2024 22:22:58:  63000000 
INFO  @ Wed, 14 Aug 2024 22:23:00:  64000000 
INFO  @ Wed, 14 Aug 2024 22:23:02:  65000000 
INFO  @ Wed, 14 Aug 2024 22:23:05:  66000000 
INFO  @ Wed, 14 Aug 2024 22:23:07:  67000000 
INFO  @ Wed, 14 Aug 2024 22:23:09:  68000000 
INFO  @ Wed, 14 Aug 2024 22:23:11:  69000000 
INFO  @ Wed, 14 Aug 2024 22:23:14:  70000000 
INFO  @ Wed, 14 Aug 2024 22:23:16:  71000000 
INFO  @ Wed, 14 Aug 2024 22:23:18:  72000000 
INFO  @ Wed, 14 Aug 2024 22:23:21:  73000000 
INFO  @ Wed, 14 Aug 2024 22:23:23:  74000000 
INFO  @ Wed, 14 Aug 2024 22:23:25:  75000000 
INFO  @ Wed, 14 Aug 2024 22:23:28:  76000000 
INFO  @ Wed, 14 Aug 2024 22:23:30:  77000000 
INFO  @ Wed, 14 Aug 2024 22:23:32:  78000000 
INFO  @ Wed, 14 Aug 2024 22:23:35:  79000000 
INFO  @ Wed, 14 Aug 2024 22:23:37:  80000000 
INFO  @ Wed, 14 Aug 2024 22:23:39:  81000000 
INFO  @ Wed, 14 Aug 2024 22:23:41:  82000000 
INFO  @ Wed, 14 Aug 2024 22:23:44:  83000000 
INFO  @ Wed, 14 Aug 2024 22:23:46:  84000000 
INFO  @ Wed, 14 Aug 2024 22:23:48:  85000000 
INFO  @ Wed, 14 Aug 2024 22:23:51:  86000000 
INFO  @ Wed, 14 Aug 2024 22:23:53:  87000000 
INFO  @ Wed, 14 Aug 2024 22:23:55:  88000000 
INFO  @ Wed, 14 Aug 2024 22:23:58:  89000000 
INFO  @ Wed, 14 Aug 2024 22:24:00:  90000000 
INFO  @ Wed, 14 Aug 2024 22:24:02:  91000000 
INFO  @ Wed, 14 Aug 2024 22:24:05:  92000000 
INFO  @ Wed, 14 Aug 2024 22:24:07:  93000000 
INFO  @ Wed, 14 Aug 2024 22:24:09:  94000000 
INFO  @ Wed, 14 Aug 2024 22:24:11:  95000000 
INFO  @ Wed, 14 Aug 2024 22:24:14:  96000000 
INFO  @ Wed, 14 Aug 2024 22:24:16:  97000000 
INFO  @ Wed, 14 Aug 2024 22:24:18:  98000000 
INFO  @ Wed, 14 Aug 2024 22:24:21:  99000000 
INFO  @ Wed, 14 Aug 2024 22:24:23:  100000000 
INFO  @ Wed, 14 Aug 2024 22:24:25:  101000000 
INFO  @ Wed, 14 Aug 2024 22:24:27:  102000000 
INFO  @ Wed, 14 Aug 2024 22:24:30:  103000000 
INFO  @ Wed, 14 Aug 2024 22:24:32:  104000000 
INFO  @ Wed, 14 Aug 2024 22:24:34:  105000000 
INFO  @ Wed, 14 Aug 2024 22:24:37:  106000000 
INFO  @ Wed, 14 Aug 2024 22:24:39:  107000000 
INFO  @ Wed, 14 Aug 2024 22:24:41:  108000000 
INFO  @ Wed, 14 Aug 2024 22:24:43:  109000000 
INFO  @ Wed, 14 Aug 2024 22:24:46:  110000000 
INFO  @ Wed, 14 Aug 2024 22:24:48:  111000000 
INFO  @ Wed, 14 Aug 2024 22:24:50:  112000000 
INFO  @ Wed, 14 Aug 2024 22:24:53:  113000000 
INFO  @ Wed, 14 Aug 2024 22:24:55:  114000000 
INFO  @ Wed, 14 Aug 2024 22:24:57:  115000000 
INFO  @ Wed, 14 Aug 2024 22:25:00:  116000000 
INFO  @ Wed, 14 Aug 2024 22:25:02:  117000000 
INFO  @ Wed, 14 Aug 2024 22:25:04:  118000000 
INFO  @ Wed, 14 Aug 2024 22:25:06:  119000000 
INFO  @ Wed, 14 Aug 2024 22:25:09:  120000000 
INFO  @ Wed, 14 Aug 2024 22:25:11:  121000000 
INFO  @ Wed, 14 Aug 2024 22:25:13:  122000000 
INFO  @ Wed, 14 Aug 2024 22:25:16:  123000000 
INFO  @ Wed, 14 Aug 2024 22:25:18:  124000000 
INFO  @ Wed, 14 Aug 2024 22:25:20:  125000000 
INFO  @ Wed, 14 Aug 2024 22:25:23:  126000000 
INFO  @ Wed, 14 Aug 2024 22:25:25:  127000000 
INFO  @ Wed, 14 Aug 2024 22:25:27:  128000000 
INFO  @ Wed, 14 Aug 2024 22:25:29:  129000000 
INFO  @ Wed, 14 Aug 2024 22:25:32:  130000000 
INFO  @ Wed, 14 Aug 2024 22:25:34:  131000000 
INFO  @ Wed, 14 Aug 2024 22:25:36:  132000000 
INFO  @ Wed, 14 Aug 2024 22:25:39:  133000000 
INFO  @ Wed, 14 Aug 2024 22:25:41:  134000000 
INFO  @ Wed, 14 Aug 2024 22:25:43:  135000000 
INFO  @ Wed, 14 Aug 2024 22:25:46:  136000000 
INFO  @ Wed, 14 Aug 2024 22:25:48:  137000000 
INFO  @ Wed, 14 Aug 2024 22:25:50:  138000000 
INFO  @ Wed, 14 Aug 2024 22:25:53:  139000000 
INFO  @ Wed, 14 Aug 2024 22:25:55:  140000000 
INFO  @ Wed, 14 Aug 2024 22:25:57:  141000000 
INFO  @ Wed, 14 Aug 2024 22:26:00:  142000000 
INFO  @ Wed, 14 Aug 2024 22:26:02:  143000000 
INFO  @ Wed, 14 Aug 2024 22:26:04:  144000000 
INFO  @ Wed, 14 Aug 2024 22:26:06:  145000000 
INFO  @ Wed, 14 Aug 2024 22:26:09:  146000000 
INFO  @ Wed, 14 Aug 2024 22:26:11:  147000000 
INFO  @ Wed, 14 Aug 2024 22:26:13:  148000000 
INFO  @ Wed, 14 Aug 2024 22:26:16:  149000000 
INFO  @ Wed, 14 Aug 2024 22:26:16: 149329398 fragments have been read. 
INFO  @ Wed, 14 Aug 2024 22:27:49: #1 mean fragment size is determined as 139.8 bp from treatment 
INFO  @ Wed, 14 Aug 2024 22:27:49: #1 fragment size = 139.8 
INFO  @ Wed, 14 Aug 2024 22:27:49: #1  total fragments in treatment: 149329398 
INFO  @ Wed, 14 Aug 2024 22:27:49: #1 finished! 
INFO  @ Wed, 14 Aug 2024 22:27:49: #2 Build Peak Model... 
INFO  @ Wed, 14 Aug 2024 22:27:49: #2 Skipped... 
INFO  @ Wed, 14 Aug 2024 22:27:49: #3 Call peaks... 
INFO  @ Wed, 14 Aug 2024 22:27:49: #3 Pre-compute pvalue-qvalue table... 
INFO  @ Wed, 14 Aug 2024 22:36:06: #3 Call peaks for each chromosome... 
INFO  @ Wed, 14 Aug 2024 22:39:31: #4 Write output xls file... CD8_Good/Peaks//CD8_Good_peak_peaks.xls 
INFO  @ Wed, 14 Aug 2024 22:39:32: #4 Write peak in narrowPeak format file... CD8_Good/Peaks//CD8_Good_peak_peaks.narrowPeak 
INFO  @ Wed, 14 Aug 2024 22:39:32: #4 Write summits bed file... CD8_Good/Peaks//CD8_Good_peak_summits.bed 
INFO  @ Wed, 14 Aug 2024 22:39:32: Done! 
INFO  @ Wed, 14 Aug 2024 22:39:32: 
# Command line: callpeak -t CD8_Poor/CD8_Poor_merged.bam -f BAMPE -n CD8_Poor/Peaks//CD8_Poor_peak -g 2701495711 --keep-dup all
# ARGUMENTS LIST:
# name = CD8_Poor/Peaks//CD8_Poor_peak
# format = BAMPE
# ChIP-seq file = ['CD8_Poor/CD8_Poor_merged.bam']
# control file = None
# effective genome size = 2.70e+09
# band width = 300
# model fold = [5, 50]
# qvalue cutoff = 5.00e-02
# The maximum gap between significant sites is assigned as the read length/tag size.
# The minimum length of peaks is assigned as the predicted fragment length "d".
# Larger dataset will be scaled towards smaller dataset.
# Range for calculating regional lambda is: 10000 bps
# Broad region calling is off
# Paired-End mode is on
 
INFO  @ Wed, 14 Aug 2024 22:39:32: #1 read fragment files... 
INFO  @ Wed, 14 Aug 2024 22:39:32: #1 read treatment fragments... 
INFO  @ Wed, 14 Aug 2024 22:39:35:  1000000 
INFO  @ Wed, 14 Aug 2024 22:39:37:  2000000 
INFO  @ Wed, 14 Aug 2024 22:39:39:  3000000 
INFO  @ Wed, 14 Aug 2024 22:39:42:  4000000 
INFO  @ Wed, 14 Aug 2024 22:39:44:  5000000 
INFO  @ Wed, 14 Aug 2024 22:39:46:  6000000 
INFO  @ Wed, 14 Aug 2024 22:39:49:  7000000 
INFO  @ Wed, 14 Aug 2024 22:39:51:  8000000 
INFO  @ Wed, 14 Aug 2024 22:39:53:  9000000 
INFO  @ Wed, 14 Aug 2024 22:39:56:  10000000 
INFO  @ Wed, 14 Aug 2024 22:39:58:  11000000 
INFO  @ Wed, 14 Aug 2024 22:40:00:  12000000 
INFO  @ Wed, 14 Aug 2024 22:40:02:  13000000 
INFO  @ Wed, 14 Aug 2024 22:40:05:  14000000 
INFO  @ Wed, 14 Aug 2024 22:40:07:  15000000 
INFO  @ Wed, 14 Aug 2024 22:40:09:  16000000 
INFO  @ Wed, 14 Aug 2024 22:40:11:  17000000 
INFO  @ Wed, 14 Aug 2024 22:40:14:  18000000 
INFO  @ Wed, 14 Aug 2024 22:40:16:  19000000 
INFO  @ Wed, 14 Aug 2024 22:40:18:  20000000 
INFO  @ Wed, 14 Aug 2024 22:40:20:  21000000 
INFO  @ Wed, 14 Aug 2024 22:40:23:  22000000 
INFO  @ Wed, 14 Aug 2024 22:40:25:  23000000 
INFO  @ Wed, 14 Aug 2024 22:40:27:  24000000 
INFO  @ Wed, 14 Aug 2024 22:40:29:  25000000 
INFO  @ Wed, 14 Aug 2024 22:40:32:  26000000 
INFO  @ Wed, 14 Aug 2024 22:40:34:  27000000 
INFO  @ Wed, 14 Aug 2024 22:40:36:  28000000 
INFO  @ Wed, 14 Aug 2024 22:40:39:  29000000 
INFO  @ Wed, 14 Aug 2024 22:40:41:  30000000 
INFO  @ Wed, 14 Aug 2024 22:40:43:  31000000 
INFO  @ Wed, 14 Aug 2024 22:40:45:  32000000 
INFO  @ Wed, 14 Aug 2024 22:40:48:  33000000 
INFO  @ Wed, 14 Aug 2024 22:40:50:  34000000 
INFO  @ Wed, 14 Aug 2024 22:40:52:  35000000 
INFO  @ Wed, 14 Aug 2024 22:40:54:  36000000 
INFO  @ Wed, 14 Aug 2024 22:40:57:  37000000 
INFO  @ Wed, 14 Aug 2024 22:40:59:  38000000 
INFO  @ Wed, 14 Aug 2024 22:41:01:  39000000 
INFO  @ Wed, 14 Aug 2024 22:41:03:  40000000 
INFO  @ Wed, 14 Aug 2024 22:41:06:  41000000 
INFO  @ Wed, 14 Aug 2024 22:41:08:  42000000 
INFO  @ Wed, 14 Aug 2024 22:41:10:  43000000 
INFO  @ Wed, 14 Aug 2024 22:41:13:  44000000 
INFO  @ Wed, 14 Aug 2024 22:41:15:  45000000 
INFO  @ Wed, 14 Aug 2024 22:41:17:  46000000 
INFO  @ Wed, 14 Aug 2024 22:41:19:  47000000 
INFO  @ Wed, 14 Aug 2024 22:41:22:  48000000 
INFO  @ Wed, 14 Aug 2024 22:41:24:  49000000 
INFO  @ Wed, 14 Aug 2024 22:41:26:  50000000 
INFO  @ Wed, 14 Aug 2024 22:41:29:  51000000 
INFO  @ Wed, 14 Aug 2024 22:41:31:  52000000 
INFO  @ Wed, 14 Aug 2024 22:41:33:  53000000 
INFO  @ Wed, 14 Aug 2024 22:41:36:  54000000 
INFO  @ Wed, 14 Aug 2024 22:41:38:  55000000 
INFO  @ Wed, 14 Aug 2024 22:41:40:  56000000 
INFO  @ Wed, 14 Aug 2024 22:41:43:  57000000 
INFO  @ Wed, 14 Aug 2024 22:41:45:  58000000 
INFO  @ Wed, 14 Aug 2024 22:41:47:  59000000 
INFO  @ Wed, 14 Aug 2024 22:41:50:  60000000 
INFO  @ Wed, 14 Aug 2024 22:41:52:  61000000 
INFO  @ Wed, 14 Aug 2024 22:41:54:  62000000 
INFO  @ Wed, 14 Aug 2024 22:41:57:  63000000 
INFO  @ Wed, 14 Aug 2024 22:41:59:  64000000 
INFO  @ Wed, 14 Aug 2024 22:42:01:  65000000 
INFO  @ Wed, 14 Aug 2024 22:42:03:  66000000 
INFO  @ Wed, 14 Aug 2024 22:42:06:  67000000 
INFO  @ Wed, 14 Aug 2024 22:42:08:  68000000 
INFO  @ Wed, 14 Aug 2024 22:42:10:  69000000 
INFO  @ Wed, 14 Aug 2024 22:42:13:  70000000 
INFO  @ Wed, 14 Aug 2024 22:42:15:  71000000 
INFO  @ Wed, 14 Aug 2024 22:42:17:  72000000 
INFO  @ Wed, 14 Aug 2024 22:42:20:  73000000 
INFO  @ Wed, 14 Aug 2024 22:42:22:  74000000 
INFO  @ Wed, 14 Aug 2024 22:42:24:  75000000 
INFO  @ Wed, 14 Aug 2024 22:42:27:  76000000 
INFO  @ Wed, 14 Aug 2024 22:42:29:  77000000 
INFO  @ Wed, 14 Aug 2024 22:42:32:  78000000 
INFO  @ Wed, 14 Aug 2024 22:42:34:  79000000 
INFO  @ Wed, 14 Aug 2024 22:42:36:  80000000 
INFO  @ Wed, 14 Aug 2024 22:42:39:  81000000 
INFO  @ Wed, 14 Aug 2024 22:42:41:  82000000 
INFO  @ Wed, 14 Aug 2024 22:42:43:  83000000 
INFO  @ Wed, 14 Aug 2024 22:42:46:  84000000 
INFO  @ Wed, 14 Aug 2024 22:42:48:  85000000 
INFO  @ Wed, 14 Aug 2024 22:42:50:  86000000 
INFO  @ Wed, 14 Aug 2024 22:42:53:  87000000 
INFO  @ Wed, 14 Aug 2024 22:42:55:  88000000 
INFO  @ Wed, 14 Aug 2024 22:42:57:  89000000 
INFO  @ Wed, 14 Aug 2024 22:43:00:  90000000 
INFO  @ Wed, 14 Aug 2024 22:43:02:  91000000 
INFO  @ Wed, 14 Aug 2024 22:43:04:  92000000 
INFO  @ Wed, 14 Aug 2024 22:43:06:  93000000 
INFO  @ Wed, 14 Aug 2024 22:43:09:  94000000 
INFO  @ Wed, 14 Aug 2024 22:43:11:  95000000 
INFO  @ Wed, 14 Aug 2024 22:43:13:  96000000 
INFO  @ Wed, 14 Aug 2024 22:43:16:  97000000 
INFO  @ Wed, 14 Aug 2024 22:43:18:  98000000 
INFO  @ Wed, 14 Aug 2024 22:43:20:  99000000 
INFO  @ Wed, 14 Aug 2024 22:43:23:  100000000 
INFO  @ Wed, 14 Aug 2024 22:43:25:  101000000 
INFO  @ Wed, 14 Aug 2024 22:43:27:  102000000 
INFO  @ Wed, 14 Aug 2024 22:43:30:  103000000 
INFO  @ Wed, 14 Aug 2024 22:43:32:  104000000 
INFO  @ Wed, 14 Aug 2024 22:43:34:  105000000 
INFO  @ Wed, 14 Aug 2024 22:43:37:  106000000 
INFO  @ Wed, 14 Aug 2024 22:43:39:  107000000 
INFO  @ Wed, 14 Aug 2024 22:43:41:  108000000 
INFO  @ Wed, 14 Aug 2024 22:43:44:  109000000 
INFO  @ Wed, 14 Aug 2024 22:43:46:  110000000 
INFO  @ Wed, 14 Aug 2024 22:43:48:  111000000 
INFO  @ Wed, 14 Aug 2024 22:43:51:  112000000 
INFO  @ Wed, 14 Aug 2024 22:43:53:  113000000 
INFO  @ Wed, 14 Aug 2024 22:43:55:  114000000 
INFO  @ Wed, 14 Aug 2024 22:43:58:  115000000 
INFO  @ Wed, 14 Aug 2024 22:44:00:  116000000 
INFO  @ Wed, 14 Aug 2024 22:44:02:  117000000 
INFO  @ Wed, 14 Aug 2024 22:44:05:  118000000 
INFO  @ Wed, 14 Aug 2024 22:44:07:  119000000 
INFO  @ Wed, 14 Aug 2024 22:44:09:  120000000 
INFO  @ Wed, 14 Aug 2024 22:44:12:  121000000 
INFO  @ Wed, 14 Aug 2024 22:44:14:  122000000 
INFO  @ Wed, 14 Aug 2024 22:44:17:  123000000 
INFO  @ Wed, 14 Aug 2024 22:44:19:  124000000 
INFO  @ Wed, 14 Aug 2024 22:44:21:  125000000 
INFO  @ Wed, 14 Aug 2024 22:44:24:  126000000 
INFO  @ Wed, 14 Aug 2024 22:44:26:  127000000 
INFO  @ Wed, 14 Aug 2024 22:44:28:  128000000 
INFO  @ Wed, 14 Aug 2024 22:44:31:  129000000 
INFO  @ Wed, 14 Aug 2024 22:44:33:  130000000 
INFO  @ Wed, 14 Aug 2024 22:44:35:  131000000 
INFO  @ Wed, 14 Aug 2024 22:44:38:  132000000 
INFO  @ Wed, 14 Aug 2024 22:44:40:  133000000 
INFO  @ Wed, 14 Aug 2024 22:44:42:  134000000 
INFO  @ Wed, 14 Aug 2024 22:44:45:  135000000 
INFO  @ Wed, 14 Aug 2024 22:44:47:  136000000 
INFO  @ Wed, 14 Aug 2024 22:44:49:  137000000 
INFO  @ Wed, 14 Aug 2024 22:44:52:  138000000 
INFO  @ Wed, 14 Aug 2024 22:44:54:  139000000 
INFO  @ Wed, 14 Aug 2024 22:44:56:  140000000 
INFO  @ Wed, 14 Aug 2024 22:44:59:  141000000 
INFO  @ Wed, 14 Aug 2024 22:45:00: 141383755 fragments have been read. 
INFO  @ Wed, 14 Aug 2024 22:46:27: #1 mean fragment size is determined as 138.5 bp from treatment 
INFO  @ Wed, 14 Aug 2024 22:46:27: #1 fragment size = 138.5 
INFO  @ Wed, 14 Aug 2024 22:46:27: #1  total fragments in treatment: 141383755 
INFO  @ Wed, 14 Aug 2024 22:46:27: #1 finished! 
INFO  @ Wed, 14 Aug 2024 22:46:27: #2 Build Peak Model... 
INFO  @ Wed, 14 Aug 2024 22:46:27: #2 Skipped... 
INFO  @ Wed, 14 Aug 2024 22:46:27: #3 Call peaks... 
INFO  @ Wed, 14 Aug 2024 22:46:27: #3 Pre-compute pvalue-qvalue table... 
INFO  @ Wed, 14 Aug 2024 22:54:25: #3 Call peaks for each chromosome... 
INFO  @ Wed, 14 Aug 2024 22:57:47: #4 Write output xls file... CD8_Poor/Peaks//CD8_Poor_peak_peaks.xls 
INFO  @ Wed, 14 Aug 2024 22:57:48: #4 Write peak in narrowPeak format file... CD8_Poor/Peaks//CD8_Poor_peak_peaks.narrowPeak 
INFO  @ Wed, 14 Aug 2024 22:57:48: #4 Write summits bed file... CD8_Poor/Peaks//CD8_Poor_peak_summits.bed 
INFO  @ Wed, 14 Aug 2024 22:57:48: Done! 
