nohup: ignoring input
# TOBIAS 0.17.0 ScoreBigwig (run started 2024-08-08 01:16:41.080943)
# Working directory: /home/kfirinbal/ATAC-seq_CovVac/Groups
# Command line call: TOBIAS ScoreBigwig --signal /home/kfirinbal/ATAC-seq_CovVac/Groups/CD4/CD4_Good/./ATACorrect//G08CD4_S145927_NoMT_subset.blacklist-filtered.shifted.sorted_corrected.bw --regions /home/kfirinbal/ATAC-seq_CovVac/Groups/CD4/CD4_Good/Peaks/merged_peaks.narrowPeak --output /home/kfirinbal/ATAC-seq_CovVac/Groups/CD4/CD4_Good/ScoreBigWig//G08CD4_S145927_footprints.bw --cores 30 --split 10

# ----- Input parameters -----
# signal:	/home/kfirinbal/ATAC-seq_CovVac/Groups/CD4/CD4_Good/./ATACorrect//G08CD4_S145927_NoMT_subset.blacklist-filtered.shifted.sorted_corrected.bw
# output:	/home/kfirinbal/ATAC-seq_CovVac/Groups/CD4/CD4_Good/ScoreBigWig//G08CD4_S145927_footprints.bw
# regions:	/home/kfirinbal/ATAC-seq_CovVac/Groups/CD4/CD4_Good/Peaks/merged_peaks.narrowPeak
# score:	footprint
# absolute:	False
# extend:	100
# smooth:	1
# min_limit:	None
# max_limit:	None
# fp_min:	20
# fp_max:	50
# flank_min:	10
# flank_max:	30
# window:	100
# cores:	30
# split:	10
# verbosity:	3


# ----- Output files -----
# /home/kfirinbal/ATAC-seq_CovVac/Groups/CD4/CD4_Good/ScoreBigWig//G08CD4_S145927_footprints.bw


2024-08-08 01:16:41 (3195903) [INFO]	Processing input files
2024-08-08 01:16:41 (3195903) [INFO]	- Opening input cutsite bigwig
2024-08-08 01:16:41 (3195903) [INFO]	- Getting output regions ready
2024-08-08 01:16:42 (3195903) [INFO]	Calculating footprints in regions...
2024-08-08 01:16:43 (3195903) [INFO]	Progress 0%
2024-08-08 01:30:55 (3195903) [INFO]	Progress 10.0%
2024-08-08 01:31:16 (3195903) [INFO]	Progress 20.0%
2024-08-08 01:31:24 (3195903) [INFO]	Progress 30.0%
2024-08-08 01:31:25 (3195903) [INFO]	Progress 40.0%
2024-08-08 01:31:31 (3195903) [INFO]	Progress 50.0%
2024-08-08 01:31:46 (3195903) [INFO]	Progress 60.0%
2024-08-08 01:31:53 (3195903) [INFO]	Progress 70.0%
2024-08-08 01:32:17 (3195903) [INFO]	Progress 80.0%
2024-08-08 01:32:24 (3195903) [INFO]	Progress 90.0%
2024-08-08 01:33:08 (3195903) [INFO]	Progress 100.0%
2024-08-08 01:33:08 (3195903) [INFO]	Progress done!
2024-08-08 01:33:34 (3196077) [INFO]	Closing /home/kfirinbal/ATAC-seq_CovVac/Groups/CD4/CD4_Good/ScoreBigWig//G08CD4_S145927_footprints.bw (this might take some time)

2024-08-08 01:34:07 (3195903) [INFO]	Finished ScoreBigwig run (total time elapsed: 0:17:26.056310)
# TOBIAS 0.17.0 ScoreBigwig (run started 2024-08-08 01:34:08.049948)
# Working directory: /home/kfirinbal/ATAC-seq_CovVac/Groups
# Command line call: TOBIAS ScoreBigwig --signal /home/kfirinbal/ATAC-seq_CovVac/Groups/CD4/CD4_Good/./ATACorrect//G09CD4_S145929_NoMT_subset.blacklist-filtered.shifted.sorted_corrected.bw --regions /home/kfirinbal/ATAC-seq_CovVac/Groups/CD4/CD4_Good/Peaks/merged_peaks.narrowPeak --output /home/kfirinbal/ATAC-seq_CovVac/Groups/CD4/CD4_Good/ScoreBigWig//G09CD4_S145929_footprints.bw --cores 30 --split 10

# ----- Input parameters -----
# signal:	/home/kfirinbal/ATAC-seq_CovVac/Groups/CD4/CD4_Good/./ATACorrect//G09CD4_S145929_NoMT_subset.blacklist-filtered.shifted.sorted_corrected.bw
# output:	/home/kfirinbal/ATAC-seq_CovVac/Groups/CD4/CD4_Good/ScoreBigWig//G09CD4_S145929_footprints.bw
# regions:	/home/kfirinbal/ATAC-seq_CovVac/Groups/CD4/CD4_Good/Peaks/merged_peaks.narrowPeak
# score:	footprint
# absolute:	False
# extend:	100
# smooth:	1
# min_limit:	None
# max_limit:	None
# fp_min:	20
# fp_max:	50
# flank_min:	10
# flank_max:	30
# window:	100
# cores:	30
# split:	10
# verbosity:	3


# ----- Output files -----
# /home/kfirinbal/ATAC-seq_CovVac/Groups/CD4/CD4_Good/ScoreBigWig//G09CD4_S145929_footprints.bw


2024-08-08 01:34:08 (3202549) [INFO]	Processing input files
2024-08-08 01:34:08 (3202549) [INFO]	- Opening input cutsite bigwig
2024-08-08 01:34:08 (3202549) [INFO]	- Getting output regions ready
2024-08-08 01:34:09 (3202549) [INFO]	Calculating footprints in regions...
2024-08-08 01:34:10 (3202549) [INFO]	Progress 0%
2024-08-08 01:48:31 (3202549) [INFO]	Progress 10.0%
2024-08-08 01:48:55 (3202549) [INFO]	Progress 20.0%
2024-08-08 01:49:01 (3202549) [INFO]	Progress 30.0%
2024-08-08 01:49:02 (3202549) [INFO]	Progress 40.0%
2024-08-08 01:49:02 (3202549) [INFO]	Progress 50.0%
2024-08-08 01:49:24 (3202549) [INFO]	Progress 60.0%
2024-08-08 01:49:28 (3202549) [INFO]	Progress 70.0%
2024-08-08 01:49:54 (3202549) [INFO]	Progress 80.0%
2024-08-08 01:50:01 (3202549) [INFO]	Progress 90.0%
2024-08-08 01:50:43 (3202549) [INFO]	Progress 100.0%
2024-08-08 01:50:43 (3202549) [INFO]	Progress done!
2024-08-08 01:51:09 (3202722) [INFO]	Closing /home/kfirinbal/ATAC-seq_CovVac/Groups/CD4/CD4_Good/ScoreBigWig//G09CD4_S145929_footprints.bw (this might take some time)

2024-08-08 01:51:42 (3202549) [INFO]	Finished ScoreBigwig run (total time elapsed: 0:17:34.340382)
# TOBIAS 0.17.0 ScoreBigwig (run started 2024-08-08 01:51:43.294169)
# Working directory: /home/kfirinbal/ATAC-seq_CovVac/Groups
# Command line call: TOBIAS ScoreBigwig --signal /home/kfirinbal/ATAC-seq_CovVac/Groups/CD4/CD4_Good/./ATACorrect//G48CD4_S145936_NoMT_subset.blacklist-filtered.shifted.sorted_corrected.bw --regions /home/kfirinbal/ATAC-seq_CovVac/Groups/CD4/CD4_Good/Peaks/merged_peaks.narrowPeak --output /home/kfirinbal/ATAC-seq_CovVac/Groups/CD4/CD4_Good/ScoreBigWig//G48CD4_S145936_footprints.bw --cores 30 --split 10

# ----- Input parameters -----
# signal:	/home/kfirinbal/ATAC-seq_CovVac/Groups/CD4/CD4_Good/./ATACorrect//G48CD4_S145936_NoMT_subset.blacklist-filtered.shifted.sorted_corrected.bw
# output:	/home/kfirinbal/ATAC-seq_CovVac/Groups/CD4/CD4_Good/ScoreBigWig//G48CD4_S145936_footprints.bw
# regions:	/home/kfirinbal/ATAC-seq_CovVac/Groups/CD4/CD4_Good/Peaks/merged_peaks.narrowPeak
# score:	footprint
# absolute:	False
# extend:	100
# smooth:	1
# min_limit:	None
# max_limit:	None
# fp_min:	20
# fp_max:	50
# flank_min:	10
# flank_max:	30
# window:	100
# cores:	30
# split:	10
# verbosity:	3


# ----- Output files -----
# /home/kfirinbal/ATAC-seq_CovVac/Groups/CD4/CD4_Good/ScoreBigWig//G48CD4_S145936_footprints.bw


2024-08-08 01:51:43 (3209234) [INFO]	Processing input files
2024-08-08 01:51:43 (3209234) [INFO]	- Opening input cutsite bigwig
2024-08-08 01:51:43 (3209234) [INFO]	- Getting output regions ready
2024-08-08 01:51:45 (3209234) [INFO]	Calculating footprints in regions...
2024-08-08 01:51:45 (3209234) [INFO]	Progress 0%
2024-08-08 02:05:52 (3209234) [INFO]	Progress 10.0%
2024-08-08 02:06:15 (3209234) [INFO]	Progress 20.0%
2024-08-08 02:06:21 (3209234) [INFO]	Progress 30.0%
2024-08-08 02:06:22 (3209234) [INFO]	Progress 40.0%
2024-08-08 02:06:30 (3209234) [INFO]	Progress 50.0%
2024-08-08 02:06:45 (3209234) [INFO]	Progress 60.0%
2024-08-08 02:06:52 (3209234) [INFO]	Progress 70.0%
2024-08-08 02:07:15 (3209234) [INFO]	Progress 80.0%
2024-08-08 02:07:21 (3209234) [INFO]	Progress 90.0%
2024-08-08 02:08:07 (3209234) [INFO]	Progress 100.0%
2024-08-08 02:08:07 (3209234) [INFO]	Progress done!
2024-08-08 02:08:33 (3209409) [INFO]	Closing /home/kfirinbal/ATAC-seq_CovVac/Groups/CD4/CD4_Good/ScoreBigWig//G48CD4_S145936_footprints.bw (this might take some time)

2024-08-08 02:09:05 (3209234) [INFO]	Finished ScoreBigwig run (total time elapsed: 0:17:22.142407)
# TOBIAS 0.17.0 ScoreBigwig (run started 2024-08-08 02:09:06.318712)
# Working directory: /home/kfirinbal/ATAC-seq_CovVac/Groups
# Command line call: TOBIAS ScoreBigwig --signal /home/kfirinbal/ATAC-seq_CovVac/Groups/CD4/CD4_Good/./ATACorrect//G58CD4_S145925_NoMT_subset.blacklist-filtered.shifted.sorted_corrected.bw --regions /home/kfirinbal/ATAC-seq_CovVac/Groups/CD4/CD4_Good/Peaks/merged_peaks.narrowPeak --output /home/kfirinbal/ATAC-seq_CovVac/Groups/CD4/CD4_Good/ScoreBigWig//G58CD4_S145925_footprints.bw --cores 30 --split 10

# ----- Input parameters -----
# signal:	/home/kfirinbal/ATAC-seq_CovVac/Groups/CD4/CD4_Good/./ATACorrect//G58CD4_S145925_NoMT_subset.blacklist-filtered.shifted.sorted_corrected.bw
# output:	/home/kfirinbal/ATAC-seq_CovVac/Groups/CD4/CD4_Good/ScoreBigWig//G58CD4_S145925_footprints.bw
# regions:	/home/kfirinbal/ATAC-seq_CovVac/Groups/CD4/CD4_Good/Peaks/merged_peaks.narrowPeak
# score:	footprint
# absolute:	False
# extend:	100
# smooth:	1
# min_limit:	None
# max_limit:	None
# fp_min:	20
# fp_max:	50
# flank_min:	10
# flank_max:	30
# window:	100
# cores:	30
# split:	10
# verbosity:	3


# ----- Output files -----
# /home/kfirinbal/ATAC-seq_CovVac/Groups/CD4/CD4_Good/ScoreBigWig//G58CD4_S145925_footprints.bw


2024-08-08 02:09:06 (3215849) [INFO]	Processing input files
2024-08-08 02:09:06 (3215849) [INFO]	- Opening input cutsite bigwig
2024-08-08 02:09:06 (3215849) [INFO]	- Getting output regions ready
2024-08-08 02:09:08 (3215849) [INFO]	Calculating footprints in regions...
2024-08-08 02:09:08 (3215849) [INFO]	Progress 0%
2024-08-08 02:23:26 (3215849) [INFO]	Progress 10.0%
2024-08-08 02:23:47 (3215849) [INFO]	Progress 20.0%
2024-08-08 02:23:56 (3215849) [INFO]	Progress 30.0%
2024-08-08 02:23:59 (3215849) [INFO]	Progress 40.0%
2024-08-08 02:24:05 (3215849) [INFO]	Progress 50.0%
2024-08-08 02:24:19 (3215849) [INFO]	Progress 60.0%
2024-08-08 02:24:27 (3215849) [INFO]	Progress 70.0%
2024-08-08 02:24:53 (3215849) [INFO]	Progress 80.0%
2024-08-08 02:24:58 (3215849) [INFO]	Progress 90.0%
2024-08-08 02:25:44 (3215849) [INFO]	Progress 100.0%
2024-08-08 02:25:44 (3215849) [INFO]	Progress done!
2024-08-08 02:26:10 (3216024) [INFO]	Closing /home/kfirinbal/ATAC-seq_CovVac/Groups/CD4/CD4_Good/ScoreBigWig//G58CD4_S145925_footprints.bw (this might take some time)

2024-08-08 02:26:42 (3215849) [INFO]	Finished ScoreBigwig run (total time elapsed: 0:17:36.461613)
# TOBIAS 0.17.0 ScoreBigwig (run started 2024-08-08 02:26:43.671121)
# Working directory: /home/kfirinbal/ATAC-seq_CovVac/Groups
# Command line call: TOBIAS ScoreBigwig --signal /home/kfirinbal/ATAC-seq_CovVac/Groups/CD4/CD4_Good/./ATACorrect//G70CD4_S145923_NoMT_subset.blacklist-filtered.shifted.sorted_corrected.bw --regions /home/kfirinbal/ATAC-seq_CovVac/Groups/CD4/CD4_Good/Peaks/merged_peaks.narrowPeak --output /home/kfirinbal/ATAC-seq_CovVac/Groups/CD4/CD4_Good/ScoreBigWig//G70CD4_S145923_footprints.bw --cores 30 --split 10

# ----- Input parameters -----
# signal:	/home/kfirinbal/ATAC-seq_CovVac/Groups/CD4/CD4_Good/./ATACorrect//G70CD4_S145923_NoMT_subset.blacklist-filtered.shifted.sorted_corrected.bw
# output:	/home/kfirinbal/ATAC-seq_CovVac/Groups/CD4/CD4_Good/ScoreBigWig//G70CD4_S145923_footprints.bw
# regions:	/home/kfirinbal/ATAC-seq_CovVac/Groups/CD4/CD4_Good/Peaks/merged_peaks.narrowPeak
# score:	footprint
# absolute:	False
# extend:	100
# smooth:	1
# min_limit:	None
# max_limit:	None
# fp_min:	20
# fp_max:	50
# flank_min:	10
# flank_max:	30
# window:	100
# cores:	30
# split:	10
# verbosity:	3


# ----- Output files -----
# /home/kfirinbal/ATAC-seq_CovVac/Groups/CD4/CD4_Good/ScoreBigWig//G70CD4_S145923_footprints.bw


2024-08-08 02:26:43 (3222558) [INFO]	Processing input files
2024-08-08 02:26:43 (3222558) [INFO]	- Opening input cutsite bigwig
2024-08-08 02:26:43 (3222558) [INFO]	- Getting output regions ready
2024-08-08 02:26:45 (3222558) [INFO]	Calculating footprints in regions...
2024-08-08 02:26:46 (3222558) [INFO]	Progress 0%
2024-08-08 02:41:00 (3222558) [INFO]	Progress 10.0%
2024-08-08 02:41:22 (3222558) [INFO]	Progress 20.0%
2024-08-08 02:41:30 (3222558) [INFO]	Progress 30.0%
2024-08-08 02:41:31 (3222558) [INFO]	Progress 40.0%
2024-08-08 02:41:31 (3222558) [INFO]	Progress 50.0%
2024-08-08 02:41:55 (3222558) [INFO]	Progress 60.0%
2024-08-08 02:42:01 (3222558) [INFO]	Progress 70.0%
2024-08-08 02:42:27 (3222558) [INFO]	Progress 80.0%
2024-08-08 02:42:31 (3222558) [INFO]	Progress 90.0%
2024-08-08 02:43:20 (3222558) [INFO]	Progress 100.0%
2024-08-08 02:43:20 (3222558) [INFO]	Progress done!
2024-08-08 02:43:45 (3222727) [INFO]	Closing /home/kfirinbal/ATAC-seq_CovVac/Groups/CD4/CD4_Good/ScoreBigWig//G70CD4_S145923_footprints.bw (this might take some time)

2024-08-08 02:44:17 (3222558) [INFO]	Finished ScoreBigwig run (total time elapsed: 0:17:34.276846)
# TOBIAS 0.17.0 ScoreBigwig (run started 2024-08-08 02:44:18.834146)
# Working directory: /home/kfirinbal/ATAC-seq_CovVac/Groups
# Command line call: TOBIAS ScoreBigwig --signal /home/kfirinbal/ATAC-seq_CovVac/Groups/CD4/CD4_Poor/./ATACorrect//G44CD4_S145919_NoMT_subset.blacklist-filtered.shifted.sorted_corrected.bw --regions /home/kfirinbal/ATAC-seq_CovVac/Groups/CD4/CD4_Poor/Peaks/merged_peaks.narrowPeak --output /home/kfirinbal/ATAC-seq_CovVac/Groups/CD4/CD4_Poor/ScoreBigWig//G44CD4_S145919_footprints.bw --cores 30 --split 10

# ----- Input parameters -----
# signal:	/home/kfirinbal/ATAC-seq_CovVac/Groups/CD4/CD4_Poor/./ATACorrect//G44CD4_S145919_NoMT_subset.blacklist-filtered.shifted.sorted_corrected.bw
# output:	/home/kfirinbal/ATAC-seq_CovVac/Groups/CD4/CD4_Poor/ScoreBigWig//G44CD4_S145919_footprints.bw
# regions:	/home/kfirinbal/ATAC-seq_CovVac/Groups/CD4/CD4_Poor/Peaks/merged_peaks.narrowPeak
# score:	footprint
# absolute:	False
# extend:	100
# smooth:	1
# min_limit:	None
# max_limit:	None
# fp_min:	20
# fp_max:	50
# flank_min:	10
# flank_max:	30
# window:	100
# cores:	30
# split:	10
# verbosity:	3


# ----- Output files -----
# /home/kfirinbal/ATAC-seq_CovVac/Groups/CD4/CD4_Poor/ScoreBigWig//G44CD4_S145919_footprints.bw


2024-08-08 02:44:18 (3229245) [INFO]	Processing input files
2024-08-08 02:44:18 (3229245) [INFO]	- Opening input cutsite bigwig
2024-08-08 02:44:18 (3229245) [INFO]	- Getting output regions ready
2024-08-08 02:44:20 (3229245) [INFO]	Calculating footprints in regions...
2024-08-08 02:44:20 (3229245) [INFO]	Progress 0%
2024-08-08 02:58:02 (3229245) [INFO]	Progress 10.0%
2024-08-08 02:58:29 (3229245) [INFO]	Progress 20.0%
2024-08-08 02:58:31 (3229245) [INFO]	Progress 30.0%
2024-08-08 02:58:32 (3229245) [INFO]	Progress 40.0%
2024-08-08 02:58:46 (3229245) [INFO]	Progress 50.0%
2024-08-08 02:59:03 (3229245) [INFO]	Progress 60.0%
2024-08-08 02:59:04 (3229245) [INFO]	Progress 70.0%
2024-08-08 02:59:33 (3229245) [INFO]	Progress 80.0%
2024-08-08 02:59:41 (3229245) [INFO]	Progress 90.0%
2024-08-08 03:00:21 (3229245) [INFO]	Progress 100.0%
2024-08-08 03:00:21 (3229245) [INFO]	Progress done!
2024-08-08 03:00:46 (3229414) [INFO]	Closing /home/kfirinbal/ATAC-seq_CovVac/Groups/CD4/CD4_Poor/ScoreBigWig//G44CD4_S145919_footprints.bw (this might take some time)

2024-08-08 03:01:18 (3229245) [INFO]	Finished ScoreBigwig run (total time elapsed: 0:16:59.371592)
# TOBIAS 0.17.0 ScoreBigwig (run started 2024-08-08 03:01:19.096079)
# Working directory: /home/kfirinbal/ATAC-seq_CovVac/Groups
# Command line call: TOBIAS ScoreBigwig --signal /home/kfirinbal/ATAC-seq_CovVac/Groups/CD4/CD4_Poor/./ATACorrect//G50CD4_S145934_NoMT_subset.blacklist-filtered.shifted.sorted_corrected.bw --regions /home/kfirinbal/ATAC-seq_CovVac/Groups/CD4/CD4_Poor/Peaks/merged_peaks.narrowPeak --output /home/kfirinbal/ATAC-seq_CovVac/Groups/CD4/CD4_Poor/ScoreBigWig//G50CD4_S145934_footprints.bw --cores 30 --split 10

# ----- Input parameters -----
# signal:	/home/kfirinbal/ATAC-seq_CovVac/Groups/CD4/CD4_Poor/./ATACorrect//G50CD4_S145934_NoMT_subset.blacklist-filtered.shifted.sorted_corrected.bw
# output:	/home/kfirinbal/ATAC-seq_CovVac/Groups/CD4/CD4_Poor/ScoreBigWig//G50CD4_S145934_footprints.bw
# regions:	/home/kfirinbal/ATAC-seq_CovVac/Groups/CD4/CD4_Poor/Peaks/merged_peaks.narrowPeak
# score:	footprint
# absolute:	False
# extend:	100
# smooth:	1
# min_limit:	None
# max_limit:	None
# fp_min:	20
# fp_max:	50
# flank_min:	10
# flank_max:	30
# window:	100
# cores:	30
# split:	10
# verbosity:	3


# ----- Output files -----
# /home/kfirinbal/ATAC-seq_CovVac/Groups/CD4/CD4_Poor/ScoreBigWig//G50CD4_S145934_footprints.bw


2024-08-08 03:01:19 (3235720) [INFO]	Processing input files
2024-08-08 03:01:19 (3235720) [INFO]	- Opening input cutsite bigwig
2024-08-08 03:01:19 (3235720) [INFO]	- Getting output regions ready
2024-08-08 03:01:20 (3235720) [INFO]	Calculating footprints in regions...
2024-08-08 03:01:21 (3235720) [INFO]	Progress 0%
2024-08-08 03:14:36 (3235720) [INFO]	Progress 10.0%
2024-08-08 03:15:05 (3235720) [INFO]	Progress 20.0%
2024-08-08 03:15:05 (3235720) [INFO]	Progress 30.0%
2024-08-08 03:15:08 (3235720) [INFO]	Progress 40.0%
2024-08-08 03:15:17 (3235720) [INFO]	Progress 50.0%
2024-08-08 03:15:35 (3235720) [INFO]	Progress 60.0%
2024-08-08 03:15:39 (3235720) [INFO]	Progress 70.0%
2024-08-08 03:16:07 (3235720) [INFO]	Progress 80.0%
2024-08-08 03:16:13 (3235720) [INFO]	Progress 90.0%
2024-08-08 03:16:55 (3235720) [INFO]	Progress 100.0%
2024-08-08 03:16:55 (3235720) [INFO]	Progress done!
2024-08-08 03:17:20 (3235895) [INFO]	Closing /home/kfirinbal/ATAC-seq_CovVac/Groups/CD4/CD4_Poor/ScoreBigWig//G50CD4_S145934_footprints.bw (this might take some time)

2024-08-08 03:17:51 (3235720) [INFO]	Finished ScoreBigwig run (total time elapsed: 0:16:31.915263)
# TOBIAS 0.17.0 ScoreBigwig (run started 2024-08-08 03:17:51.917507)
# Working directory: /home/kfirinbal/ATAC-seq_CovVac/Groups
# Command line call: TOBIAS ScoreBigwig --signal /home/kfirinbal/ATAC-seq_CovVac/Groups/CD4/CD4_Poor/./ATACorrect//G52CD4_S145933_NoMT_subset.blacklist-filtered.shifted.sorted_corrected.bw --regions /home/kfirinbal/ATAC-seq_CovVac/Groups/CD4/CD4_Poor/Peaks/merged_peaks.narrowPeak --output /home/kfirinbal/ATAC-seq_CovVac/Groups/CD4/CD4_Poor/ScoreBigWig//G52CD4_S145933_footprints.bw --cores 30 --split 10

# ----- Input parameters -----
# signal:	/home/kfirinbal/ATAC-seq_CovVac/Groups/CD4/CD4_Poor/./ATACorrect//G52CD4_S145933_NoMT_subset.blacklist-filtered.shifted.sorted_corrected.bw
# output:	/home/kfirinbal/ATAC-seq_CovVac/Groups/CD4/CD4_Poor/ScoreBigWig//G52CD4_S145933_footprints.bw
# regions:	/home/kfirinbal/ATAC-seq_CovVac/Groups/CD4/CD4_Poor/Peaks/merged_peaks.narrowPeak
# score:	footprint
# absolute:	False
# extend:	100
# smooth:	1
# min_limit:	None
# max_limit:	None
# fp_min:	20
# fp_max:	50
# flank_min:	10
# flank_max:	30
# window:	100
# cores:	30
# split:	10
# verbosity:	3


# ----- Output files -----
# /home/kfirinbal/ATAC-seq_CovVac/Groups/CD4/CD4_Poor/ScoreBigWig//G52CD4_S145933_footprints.bw


2024-08-08 03:17:51 (3242056) [INFO]	Processing input files
2024-08-08 03:17:51 (3242056) [INFO]	- Opening input cutsite bigwig
2024-08-08 03:17:51 (3242056) [INFO]	- Getting output regions ready
2024-08-08 03:17:53 (3242056) [INFO]	Calculating footprints in regions...
2024-08-08 03:17:54 (3242056) [INFO]	Progress 0%
2024-08-08 03:31:41 (3242056) [INFO]	Progress 10.0%
2024-08-08 03:32:09 (3242056) [INFO]	Progress 20.0%
2024-08-08 03:32:10 (3242056) [INFO]	Progress 30.0%
2024-08-08 03:32:11 (3242056) [INFO]	Progress 40.0%
2024-08-08 03:32:24 (3242056) [INFO]	Progress 50.0%
2024-08-08 03:32:42 (3242056) [INFO]	Progress 60.0%
2024-08-08 03:32:46 (3242056) [INFO]	Progress 70.0%
2024-08-08 03:33:11 (3242056) [INFO]	Progress 80.0%
2024-08-08 03:33:24 (3242056) [INFO]	Progress 90.0%
2024-08-08 03:34:06 (3242056) [INFO]	Progress 100.0%
2024-08-08 03:34:06 (3242056) [INFO]	Progress done!
2024-08-08 03:34:31 (3242225) [INFO]	Closing /home/kfirinbal/ATAC-seq_CovVac/Groups/CD4/CD4_Poor/ScoreBigWig//G52CD4_S145933_footprints.bw (this might take some time)

2024-08-08 03:35:02 (3242056) [INFO]	Finished ScoreBigwig run (total time elapsed: 0:17:10.599022)
# TOBIAS 0.17.0 ScoreBigwig (run started 2024-08-08 03:35:03.398102)
# Working directory: /home/kfirinbal/ATAC-seq_CovVac/Groups
# Command line call: TOBIAS ScoreBigwig --signal /home/kfirinbal/ATAC-seq_CovVac/Groups/CD4/CD4_Poor/./ATACorrect//G81CD4_S145921_NoMT_subset.blacklist-filtered.shifted.sorted_corrected.bw --regions /home/kfirinbal/ATAC-seq_CovVac/Groups/CD4/CD4_Poor/Peaks/merged_peaks.narrowPeak --output /home/kfirinbal/ATAC-seq_CovVac/Groups/CD4/CD4_Poor/ScoreBigWig//G81CD4_S145921_footprints.bw --cores 30 --split 10

# ----- Input parameters -----
# signal:	/home/kfirinbal/ATAC-seq_CovVac/Groups/CD4/CD4_Poor/./ATACorrect//G81CD4_S145921_NoMT_subset.blacklist-filtered.shifted.sorted_corrected.bw
# output:	/home/kfirinbal/ATAC-seq_CovVac/Groups/CD4/CD4_Poor/ScoreBigWig//G81CD4_S145921_footprints.bw
# regions:	/home/kfirinbal/ATAC-seq_CovVac/Groups/CD4/CD4_Poor/Peaks/merged_peaks.narrowPeak
# score:	footprint
# absolute:	False
# extend:	100
# smooth:	1
# min_limit:	None
# max_limit:	None
# fp_min:	20
# fp_max:	50
# flank_min:	10
# flank_max:	30
# window:	100
# cores:	30
# split:	10
# verbosity:	3


# ----- Output files -----
# /home/kfirinbal/ATAC-seq_CovVac/Groups/CD4/CD4_Poor/ScoreBigWig//G81CD4_S145921_footprints.bw


2024-08-08 03:35:03 (3248615) [INFO]	Processing input files
2024-08-08 03:35:03 (3248615) [INFO]	- Opening input cutsite bigwig
2024-08-08 03:35:03 (3248615) [INFO]	- Getting output regions ready
2024-08-08 03:35:04 (3248615) [INFO]	Calculating footprints in regions...
2024-08-08 03:35:05 (3248615) [INFO]	Progress 0%
2024-08-08 03:48:40 (3248615) [INFO]	Progress 10.0%
2024-08-08 03:48:56 (3248615) [INFO]	Progress 20.0%
2024-08-08 03:49:04 (3248615) [INFO]	Progress 30.0%
2024-08-08 03:49:07 (3248615) [INFO]	Progress 40.0%
2024-08-08 03:49:18 (3248615) [INFO]	Progress 50.0%
2024-08-08 03:49:35 (3248615) [INFO]	Progress 60.0%
2024-08-08 03:49:38 (3248615) [INFO]	Progress 70.0%
2024-08-08 03:50:00 (3248615) [INFO]	Progress 80.0%
2024-08-08 03:50:12 (3248615) [INFO]	Progress 90.0%
2024-08-08 03:50:52 (3248615) [INFO]	Progress 100.0%
2024-08-08 03:50:52 (3248615) [INFO]	Progress done!
2024-08-08 03:51:16 (3248790) [INFO]	Closing /home/kfirinbal/ATAC-seq_CovVac/Groups/CD4/CD4_Poor/ScoreBigWig//G81CD4_S145921_footprints.bw (this might take some time)

2024-08-08 03:51:47 (3248615) [INFO]	Finished ScoreBigwig run (total time elapsed: 0:16:44.482103)
# TOBIAS 0.17.0 ScoreBigwig (run started 2024-08-08 03:51:48.761821)
# Working directory: /home/kfirinbal/ATAC-seq_CovVac/Groups
# Command line call: TOBIAS ScoreBigwig --signal /home/kfirinbal/ATAC-seq_CovVac/Groups/CD8/CD8_Good/./ATACorrect//G08CD8_S145930_NoMT_subset.blacklist-filtered.shifted.sorted_corrected.bw --regions /home/kfirinbal/ATAC-seq_CovVac/Groups/CD8/CD8_Good/Peaks/merged_peaks.narrowPeak --output /home/kfirinbal/ATAC-seq_CovVac/Groups/CD8/CD8_Good/ScoreBigWig//G08CD8_S145930_footprints.bw --cores 30 --split 10

# ----- Input parameters -----
# signal:	/home/kfirinbal/ATAC-seq_CovVac/Groups/CD8/CD8_Good/./ATACorrect//G08CD8_S145930_NoMT_subset.blacklist-filtered.shifted.sorted_corrected.bw
# output:	/home/kfirinbal/ATAC-seq_CovVac/Groups/CD8/CD8_Good/ScoreBigWig//G08CD8_S145930_footprints.bw
# regions:	/home/kfirinbal/ATAC-seq_CovVac/Groups/CD8/CD8_Good/Peaks/merged_peaks.narrowPeak
# score:	footprint
# absolute:	False
# extend:	100
# smooth:	1
# min_limit:	None
# max_limit:	None
# fp_min:	20
# fp_max:	50
# flank_min:	10
# flank_max:	30
# window:	100
# cores:	30
# split:	10
# verbosity:	3


# ----- Output files -----
# /home/kfirinbal/ATAC-seq_CovVac/Groups/CD8/CD8_Good/ScoreBigWig//G08CD8_S145930_footprints.bw


2024-08-08 03:51:48 (3255006) [INFO]	Processing input files
2024-08-08 03:51:48 (3255006) [INFO]	- Opening input cutsite bigwig
2024-08-08 03:51:48 (3255006) [INFO]	- Getting output regions ready
2024-08-08 03:51:50 (3255006) [INFO]	Calculating footprints in regions...
2024-08-08 03:51:51 (3255006) [INFO]	Progress 0%
2024-08-08 04:04:56 (3255006) [INFO]	Progress 10.0%
2024-08-08 04:05:12 (3255006) [INFO]	Progress 20.0%
2024-08-08 04:05:14 (3255006) [INFO]	Progress 30.0%
2024-08-08 04:05:17 (3255006) [INFO]	Progress 40.0%
2024-08-08 04:05:28 (3255006) [INFO]	Progress 50.0%
2024-08-08 04:05:31 (3255006) [INFO]	Progress 60.0%
2024-08-08 04:05:33 (3255006) [INFO]	Progress 70.0%
2024-08-08 04:05:57 (3255006) [INFO]	Progress 80.0%
2024-08-08 04:06:07 (3255006) [INFO]	Progress 90.0%
2024-08-08 04:06:20 (3255006) [INFO]	Progress 100.0%
2024-08-08 04:06:20 (3255006) [INFO]	Progress done!
2024-08-08 04:06:43 (3255181) [INFO]	Closing /home/kfirinbal/ATAC-seq_CovVac/Groups/CD8/CD8_Good/ScoreBigWig//G08CD8_S145930_footprints.bw (this might take some time)

2024-08-08 04:07:13 (3255006) [INFO]	Finished ScoreBigwig run (total time elapsed: 0:15:25.210771)
# TOBIAS 0.17.0 ScoreBigwig (run started 2024-08-08 04:07:14.849843)
# Working directory: /home/kfirinbal/ATAC-seq_CovVac/Groups
# Command line call: TOBIAS ScoreBigwig --signal /home/kfirinbal/ATAC-seq_CovVac/Groups/CD8/CD8_Good/./ATACorrect//G09CD8_S145931_NoMT_subset.blacklist-filtered.shifted.sorted_corrected.bw --regions /home/kfirinbal/ATAC-seq_CovVac/Groups/CD8/CD8_Good/Peaks/merged_peaks.narrowPeak --output /home/kfirinbal/ATAC-seq_CovVac/Groups/CD8/CD8_Good/ScoreBigWig//G09CD8_S145931_footprints.bw --cores 30 --split 10

# ----- Input parameters -----
# signal:	/home/kfirinbal/ATAC-seq_CovVac/Groups/CD8/CD8_Good/./ATACorrect//G09CD8_S145931_NoMT_subset.blacklist-filtered.shifted.sorted_corrected.bw
# output:	/home/kfirinbal/ATAC-seq_CovVac/Groups/CD8/CD8_Good/ScoreBigWig//G09CD8_S145931_footprints.bw
# regions:	/home/kfirinbal/ATAC-seq_CovVac/Groups/CD8/CD8_Good/Peaks/merged_peaks.narrowPeak
# score:	footprint
# absolute:	False
# extend:	100
# smooth:	1
# min_limit:	None
# max_limit:	None
# fp_min:	20
# fp_max:	50
# flank_min:	10
# flank_max:	30
# window:	100
# cores:	30
# split:	10
# verbosity:	3


# ----- Output files -----
# /home/kfirinbal/ATAC-seq_CovVac/Groups/CD8/CD8_Good/ScoreBigWig//G09CD8_S145931_footprints.bw


2024-08-08 04:07:14 (3260937) [INFO]	Processing input files
2024-08-08 04:07:14 (3260937) [INFO]	- Opening input cutsite bigwig
2024-08-08 04:07:14 (3260937) [INFO]	- Getting output regions ready
2024-08-08 04:07:16 (3260937) [INFO]	Calculating footprints in regions...
2024-08-08 04:07:17 (3260937) [INFO]	Progress 0%
2024-08-08 04:20:05 (3260937) [INFO]	Progress 10.0%
2024-08-08 04:20:11 (3260937) [INFO]	Progress 20.0%
2024-08-08 04:20:25 (3260937) [INFO]	Progress 30.0%
2024-08-08 04:20:25 (3260937) [INFO]	Progress 40.0%
2024-08-08 04:20:37 (3260937) [INFO]	Progress 50.0%
2024-08-08 04:20:42 (3260937) [INFO]	Progress 60.0%
2024-08-08 04:20:42 (3260937) [INFO]	Progress 70.0%
2024-08-08 04:21:08 (3260937) [INFO]	Progress 80.0%
2024-08-08 04:21:13 (3260937) [INFO]	Progress 90.0%
2024-08-08 04:21:28 (3260937) [INFO]	Progress 100.0%
2024-08-08 04:21:28 (3260937) [INFO]	Progress done!
2024-08-08 04:21:52 (3261106) [INFO]	Closing /home/kfirinbal/ATAC-seq_CovVac/Groups/CD8/CD8_Good/ScoreBigWig//G09CD8_S145931_footprints.bw (this might take some time)

2024-08-08 04:22:22 (3260937) [INFO]	Finished ScoreBigwig run (total time elapsed: 0:15:07.582300)
# TOBIAS 0.17.0 ScoreBigwig (run started 2024-08-08 04:22:23.339574)
# Working directory: /home/kfirinbal/ATAC-seq_CovVac/Groups
# Command line call: TOBIAS ScoreBigwig --signal /home/kfirinbal/ATAC-seq_CovVac/Groups/CD8/CD8_Good/./ATACorrect//G48CD8_S145920_NoMT_subset.blacklist-filtered.shifted.sorted_corrected.bw --regions /home/kfirinbal/ATAC-seq_CovVac/Groups/CD8/CD8_Good/Peaks/merged_peaks.narrowPeak --output /home/kfirinbal/ATAC-seq_CovVac/Groups/CD8/CD8_Good/ScoreBigWig//G48CD8_S145920_footprints.bw --cores 30 --split 10

# ----- Input parameters -----
# signal:	/home/kfirinbal/ATAC-seq_CovVac/Groups/CD8/CD8_Good/./ATACorrect//G48CD8_S145920_NoMT_subset.blacklist-filtered.shifted.sorted_corrected.bw
# output:	/home/kfirinbal/ATAC-seq_CovVac/Groups/CD8/CD8_Good/ScoreBigWig//G48CD8_S145920_footprints.bw
# regions:	/home/kfirinbal/ATAC-seq_CovVac/Groups/CD8/CD8_Good/Peaks/merged_peaks.narrowPeak
# score:	footprint
# absolute:	False
# extend:	100
# smooth:	1
# min_limit:	None
# max_limit:	None
# fp_min:	20
# fp_max:	50
# flank_min:	10
# flank_max:	30
# window:	100
# cores:	30
# split:	10
# verbosity:	3


# ----- Output files -----
# /home/kfirinbal/ATAC-seq_CovVac/Groups/CD8/CD8_Good/ScoreBigWig//G48CD8_S145920_footprints.bw


2024-08-08 04:22:23 (3266747) [INFO]	Processing input files
2024-08-08 04:22:23 (3266747) [INFO]	- Opening input cutsite bigwig
2024-08-08 04:22:23 (3266747) [INFO]	- Getting output regions ready
2024-08-08 04:22:24 (3266747) [INFO]	Calculating footprints in regions...
2024-08-08 04:22:25 (3266747) [INFO]	Progress 0%
2024-08-08 04:35:12 (3266747) [INFO]	Progress 10.0%
2024-08-08 04:35:28 (3266747) [INFO]	Progress 20.0%
2024-08-08 04:35:33 (3266747) [INFO]	Progress 30.0%
2024-08-08 04:35:34 (3266747) [INFO]	Progress 40.0%
2024-08-08 04:35:43 (3266747) [INFO]	Progress 50.0%
2024-08-08 04:35:49 (3266747) [INFO]	Progress 60.0%
2024-08-08 04:35:49 (3266747) [INFO]	Progress 70.0%
2024-08-08 04:36:14 (3266747) [INFO]	Progress 80.0%
2024-08-08 04:36:20 (3266747) [INFO]	Progress 90.0%
2024-08-08 04:36:34 (3266747) [INFO]	Progress 100.0%
2024-08-08 04:36:34 (3266747) [INFO]	Progress done!
2024-08-08 04:36:58 (3266922) [INFO]	Closing /home/kfirinbal/ATAC-seq_CovVac/Groups/CD8/CD8_Good/ScoreBigWig//G48CD8_S145920_footprints.bw (this might take some time)

2024-08-08 04:37:27 (3266747) [INFO]	Finished ScoreBigwig run (total time elapsed: 0:15:04.580106)
# TOBIAS 0.17.0 ScoreBigwig (run started 2024-08-08 04:37:28.811746)
# Working directory: /home/kfirinbal/ATAC-seq_CovVac/Groups
# Command line call: TOBIAS ScoreBigwig --signal /home/kfirinbal/ATAC-seq_CovVac/Groups/CD8/CD8_Good/./ATACorrect//G58CD8_S145928_NoMT_subset.blacklist-filtered.shifted.sorted_corrected.bw --regions /home/kfirinbal/ATAC-seq_CovVac/Groups/CD8/CD8_Good/Peaks/merged_peaks.narrowPeak --output /home/kfirinbal/ATAC-seq_CovVac/Groups/CD8/CD8_Good/ScoreBigWig//G58CD8_S145928_footprints.bw --cores 30 --split 10

# ----- Input parameters -----
# signal:	/home/kfirinbal/ATAC-seq_CovVac/Groups/CD8/CD8_Good/./ATACorrect//G58CD8_S145928_NoMT_subset.blacklist-filtered.shifted.sorted_corrected.bw
# output:	/home/kfirinbal/ATAC-seq_CovVac/Groups/CD8/CD8_Good/ScoreBigWig//G58CD8_S145928_footprints.bw
# regions:	/home/kfirinbal/ATAC-seq_CovVac/Groups/CD8/CD8_Good/Peaks/merged_peaks.narrowPeak
# score:	footprint
# absolute:	False
# extend:	100
# smooth:	1
# min_limit:	None
# max_limit:	None
# fp_min:	20
# fp_max:	50
# flank_min:	10
# flank_max:	30
# window:	100
# cores:	30
# split:	10
# verbosity:	3


# ----- Output files -----
# /home/kfirinbal/ATAC-seq_CovVac/Groups/CD8/CD8_Good/ScoreBigWig//G58CD8_S145928_footprints.bw


2024-08-08 04:37:28 (3276155) [INFO]	Processing input files
2024-08-08 04:37:28 (3276155) [INFO]	- Opening input cutsite bigwig
2024-08-08 04:37:28 (3276155) [INFO]	- Getting output regions ready
2024-08-08 04:37:30 (3276155) [INFO]	Calculating footprints in regions...
2024-08-08 04:37:31 (3276155) [INFO]	Progress 0%
2024-08-08 04:50:19 (3276155) [INFO]	Progress 10.0%
2024-08-08 04:50:35 (3276155) [INFO]	Progress 20.0%
2024-08-08 04:50:38 (3276155) [INFO]	Progress 30.0%
2024-08-08 04:50:40 (3276155) [INFO]	Progress 40.0%
2024-08-08 04:50:50 (3276155) [INFO]	Progress 50.0%
2024-08-08 04:50:55 (3276155) [INFO]	Progress 60.0%
2024-08-08 04:50:57 (3276155) [INFO]	Progress 70.0%
2024-08-08 04:51:23 (3276155) [INFO]	Progress 80.0%
2024-08-08 04:51:30 (3276155) [INFO]	Progress 90.0%
2024-08-08 04:51:44 (3276155) [INFO]	Progress 100.0%
2024-08-08 04:51:44 (3276155) [INFO]	Progress done!
2024-08-08 04:52:07 (3276330) [INFO]	Closing /home/kfirinbal/ATAC-seq_CovVac/Groups/CD8/CD8_Good/ScoreBigWig//G58CD8_S145928_footprints.bw (this might take some time)

2024-08-08 04:52:37 (3276155) [INFO]	Finished ScoreBigwig run (total time elapsed: 0:15:08.686378)
# TOBIAS 0.17.0 ScoreBigwig (run started 2024-08-08 04:52:38.391604)
# Working directory: /home/kfirinbal/ATAC-seq_CovVac/Groups
# Command line call: TOBIAS ScoreBigwig --signal /home/kfirinbal/ATAC-seq_CovVac/Groups/CD8/CD8_Good/./ATACorrect//G70CD8_S145926_NoMT_subset.blacklist-filtered.shifted.sorted_corrected.bw --regions /home/kfirinbal/ATAC-seq_CovVac/Groups/CD8/CD8_Good/Peaks/merged_peaks.narrowPeak --output /home/kfirinbal/ATAC-seq_CovVac/Groups/CD8/CD8_Good/ScoreBigWig//G70CD8_S145926_footprints.bw --cores 30 --split 10

# ----- Input parameters -----
# signal:	/home/kfirinbal/ATAC-seq_CovVac/Groups/CD8/CD8_Good/./ATACorrect//G70CD8_S145926_NoMT_subset.blacklist-filtered.shifted.sorted_corrected.bw
# output:	/home/kfirinbal/ATAC-seq_CovVac/Groups/CD8/CD8_Good/ScoreBigWig//G70CD8_S145926_footprints.bw
# regions:	/home/kfirinbal/ATAC-seq_CovVac/Groups/CD8/CD8_Good/Peaks/merged_peaks.narrowPeak
# score:	footprint
# absolute:	False
# extend:	100
# smooth:	1
# min_limit:	None
# max_limit:	None
# fp_min:	20
# fp_max:	50
# flank_min:	10
# flank_max:	30
# window:	100
# cores:	30
# split:	10
# verbosity:	3


# ----- Output files -----
# /home/kfirinbal/ATAC-seq_CovVac/Groups/CD8/CD8_Good/ScoreBigWig//G70CD8_S145926_footprints.bw


2024-08-08 04:52:38 (3281980) [INFO]	Processing input files
2024-08-08 04:52:38 (3281980) [INFO]	- Opening input cutsite bigwig
2024-08-08 04:52:38 (3281980) [INFO]	- Getting output regions ready
2024-08-08 04:52:40 (3281980) [INFO]	Calculating footprints in regions...
2024-08-08 04:52:40 (3281980) [INFO]	Progress 0%
2024-08-08 05:05:31 (3281980) [INFO]	Progress 10.0%
2024-08-08 05:05:38 (3281980) [INFO]	Progress 20.0%
2024-08-08 05:05:51 (3281980) [INFO]	Progress 30.0%
2024-08-08 05:05:54 (3281980) [INFO]	Progress 40.0%
2024-08-08 05:06:03 (3281980) [INFO]	Progress 50.0%
2024-08-08 05:06:09 (3281980) [INFO]	Progress 60.0%
2024-08-08 05:06:10 (3281980) [INFO]	Progress 70.0%
2024-08-08 05:06:34 (3281980) [INFO]	Progress 80.0%
2024-08-08 05:06:43 (3281980) [INFO]	Progress 90.0%
2024-08-08 05:06:57 (3281980) [INFO]	Progress 100.0%
2024-08-08 05:06:57 (3281980) [INFO]	Progress done!
2024-08-08 05:07:20 (3282149) [INFO]	Closing /home/kfirinbal/ATAC-seq_CovVac/Groups/CD8/CD8_Good/ScoreBigWig//G70CD8_S145926_footprints.bw (this might take some time)

2024-08-08 05:07:49 (3281980) [INFO]	Finished ScoreBigwig run (total time elapsed: 0:15:11.236490)
# TOBIAS 0.17.0 ScoreBigwig (run started 2024-08-08 05:07:50.503443)
# Working directory: /home/kfirinbal/ATAC-seq_CovVac/Groups
# Command line call: TOBIAS ScoreBigwig --signal /home/kfirinbal/ATAC-seq_CovVac/Groups/CD8/CD8_Poor/./ATACorrect//G27CD8_S145935_NoMT_subset.blacklist-filtered.shifted.sorted_corrected.bw --regions /home/kfirinbal/ATAC-seq_CovVac/Groups/CD8/CD8_Poor/Peaks/merged_peaks.narrowPeak --output /home/kfirinbal/ATAC-seq_CovVac/Groups/CD8/CD8_Poor/ScoreBigWig//G27CD8_S145935_footprints.bw --cores 30 --split 10

# ----- Input parameters -----
# signal:	/home/kfirinbal/ATAC-seq_CovVac/Groups/CD8/CD8_Poor/./ATACorrect//G27CD8_S145935_NoMT_subset.blacklist-filtered.shifted.sorted_corrected.bw
# output:	/home/kfirinbal/ATAC-seq_CovVac/Groups/CD8/CD8_Poor/ScoreBigWig//G27CD8_S145935_footprints.bw
# regions:	/home/kfirinbal/ATAC-seq_CovVac/Groups/CD8/CD8_Poor/Peaks/merged_peaks.narrowPeak
# score:	footprint
# absolute:	False
# extend:	100
# smooth:	1
# min_limit:	None
# max_limit:	None
# fp_min:	20
# fp_max:	50
# flank_min:	10
# flank_max:	30
# window:	100
# cores:	30
# split:	10
# verbosity:	3


# ----- Output files -----
# /home/kfirinbal/ATAC-seq_CovVac/Groups/CD8/CD8_Poor/ScoreBigWig//G27CD8_S145935_footprints.bw


2024-08-08 05:07:50 (3288464) [INFO]	Processing input files
2024-08-08 05:07:50 (3288464) [INFO]	- Opening input cutsite bigwig
2024-08-08 05:07:50 (3288464) [INFO]	- Getting output regions ready
2024-08-08 05:07:52 (3288464) [INFO]	Calculating footprints in regions...
2024-08-08 05:07:53 (3288464) [INFO]	Progress 0%
2024-08-08 05:22:29 (3288464) [INFO]	Progress 10.0%
2024-08-08 05:22:38 (3288464) [INFO]	Progress 20.0%
2024-08-08 05:22:52 (3288464) [INFO]	Progress 30.0%
2024-08-08 05:22:53 (3288464) [INFO]	Progress 40.0%
2024-08-08 05:23:07 (3288464) [INFO]	Progress 50.0%
2024-08-08 05:23:11 (3288464) [INFO]	Progress 60.0%
2024-08-08 05:23:13 (3288464) [INFO]	Progress 70.0%
2024-08-08 05:23:38 (3288464) [INFO]	Progress 80.0%
2024-08-08 05:23:43 (3288464) [INFO]	Progress 90.0%
2024-08-08 05:24:06 (3288464) [INFO]	Progress 100.0%
2024-08-08 05:24:06 (3288464) [INFO]	Progress done!
2024-08-08 05:24:33 (3288639) [INFO]	Closing /home/kfirinbal/ATAC-seq_CovVac/Groups/CD8/CD8_Poor/ScoreBigWig//G27CD8_S145935_footprints.bw (this might take some time)

2024-08-08 05:25:06 (3288464) [INFO]	Finished ScoreBigwig run (total time elapsed: 0:17:15.878740)
# TOBIAS 0.17.0 ScoreBigwig (run started 2024-08-08 05:25:07.335267)
# Working directory: /home/kfirinbal/ATAC-seq_CovVac/Groups
# Command line call: TOBIAS ScoreBigwig --signal /home/kfirinbal/ATAC-seq_CovVac/Groups/CD8/CD8_Poor/./ATACorrect//G44CD8_S145922_NoMT_subset.blacklist-filtered.shifted.sorted_corrected.bw --regions /home/kfirinbal/ATAC-seq_CovVac/Groups/CD8/CD8_Poor/Peaks/merged_peaks.narrowPeak --output /home/kfirinbal/ATAC-seq_CovVac/Groups/CD8/CD8_Poor/ScoreBigWig//G44CD8_S145922_footprints.bw --cores 30 --split 10

# ----- Input parameters -----
# signal:	/home/kfirinbal/ATAC-seq_CovVac/Groups/CD8/CD8_Poor/./ATACorrect//G44CD8_S145922_NoMT_subset.blacklist-filtered.shifted.sorted_corrected.bw
# output:	/home/kfirinbal/ATAC-seq_CovVac/Groups/CD8/CD8_Poor/ScoreBigWig//G44CD8_S145922_footprints.bw
# regions:	/home/kfirinbal/ATAC-seq_CovVac/Groups/CD8/CD8_Poor/Peaks/merged_peaks.narrowPeak
# score:	footprint
# absolute:	False
# extend:	100
# smooth:	1
# min_limit:	None
# max_limit:	None
# fp_min:	20
# fp_max:	50
# flank_min:	10
# flank_max:	30
# window:	100
# cores:	30
# split:	10
# verbosity:	3


# ----- Output files -----
# /home/kfirinbal/ATAC-seq_CovVac/Groups/CD8/CD8_Poor/ScoreBigWig//G44CD8_S145922_footprints.bw


2024-08-08 05:25:07 (3295050) [INFO]	Processing input files
2024-08-08 05:25:07 (3295050) [INFO]	- Opening input cutsite bigwig
2024-08-08 05:25:07 (3295050) [INFO]	- Getting output regions ready
2024-08-08 05:25:09 (3295050) [INFO]	Calculating footprints in regions...
2024-08-08 05:25:09 (3295050) [INFO]	Progress 0%
2024-08-08 05:39:25 (3295050) [INFO]	Progress 10.0%
2024-08-08 05:39:43 (3295050) [INFO]	Progress 20.0%
2024-08-08 05:39:46 (3295050) [INFO]	Progress 30.0%
2024-08-08 05:39:51 (3295050) [INFO]	Progress 40.0%
2024-08-08 05:40:02 (3295050) [INFO]	Progress 50.0%
2024-08-08 05:40:06 (3295050) [INFO]	Progress 60.0%
2024-08-08 05:40:09 (3295050) [INFO]	Progress 70.0%
2024-08-08 05:40:32 (3295050) [INFO]	Progress 80.0%
2024-08-08 05:40:37 (3295050) [INFO]	Progress 90.0%
2024-08-08 05:40:58 (3295050) [INFO]	Progress 100.0%
2024-08-08 05:40:58 (3295050) [INFO]	Progress done!
2024-08-08 05:41:24 (3295225) [INFO]	Closing /home/kfirinbal/ATAC-seq_CovVac/Groups/CD8/CD8_Poor/ScoreBigWig//G44CD8_S145922_footprints.bw (this might take some time)

2024-08-08 05:41:57 (3295050) [INFO]	Finished ScoreBigwig run (total time elapsed: 0:16:50.211741)
# TOBIAS 0.17.0 ScoreBigwig (run started 2024-08-08 05:41:58.454788)
# Working directory: /home/kfirinbal/ATAC-seq_CovVac/Groups
# Command line call: TOBIAS ScoreBigwig --signal /home/kfirinbal/ATAC-seq_CovVac/Groups/CD8/CD8_Poor/./ATACorrect//G50CD8_S145937_NoMT_subset.blacklist-filtered.shifted.sorted_corrected.bw --regions /home/kfirinbal/ATAC-seq_CovVac/Groups/CD8/CD8_Poor/Peaks/merged_peaks.narrowPeak --output /home/kfirinbal/ATAC-seq_CovVac/Groups/CD8/CD8_Poor/ScoreBigWig//G50CD8_S145937_footprints.bw --cores 30 --split 10

# ----- Input parameters -----
# signal:	/home/kfirinbal/ATAC-seq_CovVac/Groups/CD8/CD8_Poor/./ATACorrect//G50CD8_S145937_NoMT_subset.blacklist-filtered.shifted.sorted_corrected.bw
# output:	/home/kfirinbal/ATAC-seq_CovVac/Groups/CD8/CD8_Poor/ScoreBigWig//G50CD8_S145937_footprints.bw
# regions:	/home/kfirinbal/ATAC-seq_CovVac/Groups/CD8/CD8_Poor/Peaks/merged_peaks.narrowPeak
# score:	footprint
# absolute:	False
# extend:	100
# smooth:	1
# min_limit:	None
# max_limit:	None
# fp_min:	20
# fp_max:	50
# flank_min:	10
# flank_max:	30
# window:	100
# cores:	30
# split:	10
# verbosity:	3


# ----- Output files -----
# /home/kfirinbal/ATAC-seq_CovVac/Groups/CD8/CD8_Poor/ScoreBigWig//G50CD8_S145937_footprints.bw


2024-08-08 05:41:58 (3301478) [INFO]	Processing input files
2024-08-08 05:41:58 (3301478) [INFO]	- Opening input cutsite bigwig
2024-08-08 05:41:58 (3301478) [INFO]	- Getting output regions ready
2024-08-08 05:42:00 (3301478) [INFO]	Calculating footprints in regions...
2024-08-08 05:42:00 (3301478) [INFO]	Progress 0%
2024-08-08 05:56:32 (3301478) [INFO]	Progress 10.0%
2024-08-08 05:56:52 (3301478) [INFO]	Progress 20.0%
2024-08-08 05:56:55 (3301478) [INFO]	Progress 30.0%
2024-08-08 05:56:55 (3301478) [INFO]	Progress 40.0%
2024-08-08 05:57:09 (3301478) [INFO]	Progress 50.0%
2024-08-08 05:57:15 (3301478) [INFO]	Progress 60.0%
2024-08-08 05:57:18 (3301478) [INFO]	Progress 70.0%
2024-08-08 05:57:42 (3301478) [INFO]	Progress 80.0%
2024-08-08 05:57:48 (3301478) [INFO]	Progress 90.0%
2024-08-08 05:58:12 (3301478) [INFO]	Progress 100.0%
2024-08-08 05:58:12 (3301478) [INFO]	Progress done!
2024-08-08 05:58:38 (3301647) [INFO]	Closing /home/kfirinbal/ATAC-seq_CovVac/Groups/CD8/CD8_Poor/ScoreBigWig//G50CD8_S145937_footprints.bw (this might take some time)

2024-08-08 05:59:12 (3301478) [INFO]	Finished ScoreBigwig run (total time elapsed: 0:17:14.289434)
# TOBIAS 0.17.0 ScoreBigwig (run started 2024-08-08 05:59:13.672256)
# Working directory: /home/kfirinbal/ATAC-seq_CovVac/Groups
# Command line call: TOBIAS ScoreBigwig --signal /home/kfirinbal/ATAC-seq_CovVac/Groups/CD8/CD8_Poor/./ATACorrect//G52CD8_S145932_NoMT_subset.blacklist-filtered.shifted.sorted_corrected.bw --regions /home/kfirinbal/ATAC-seq_CovVac/Groups/CD8/CD8_Poor/Peaks/merged_peaks.narrowPeak --output /home/kfirinbal/ATAC-seq_CovVac/Groups/CD8/CD8_Poor/ScoreBigWig//G52CD8_S145932_footprints.bw --cores 30 --split 10

# ----- Input parameters -----
# signal:	/home/kfirinbal/ATAC-seq_CovVac/Groups/CD8/CD8_Poor/./ATACorrect//G52CD8_S145932_NoMT_subset.blacklist-filtered.shifted.sorted_corrected.bw
# output:	/home/kfirinbal/ATAC-seq_CovVac/Groups/CD8/CD8_Poor/ScoreBigWig//G52CD8_S145932_footprints.bw
# regions:	/home/kfirinbal/ATAC-seq_CovVac/Groups/CD8/CD8_Poor/Peaks/merged_peaks.narrowPeak
# score:	footprint
# absolute:	False
# extend:	100
# smooth:	1
# min_limit:	None
# max_limit:	None
# fp_min:	20
# fp_max:	50
# flank_min:	10
# flank_max:	30
# window:	100
# cores:	30
# split:	10
# verbosity:	3


# ----- Output files -----
# /home/kfirinbal/ATAC-seq_CovVac/Groups/CD8/CD8_Poor/ScoreBigWig//G52CD8_S145932_footprints.bw


2024-08-08 05:59:13 (3308046) [INFO]	Processing input files
2024-08-08 05:59:13 (3308046) [INFO]	- Opening input cutsite bigwig
2024-08-08 05:59:13 (3308046) [INFO]	- Getting output regions ready
2024-08-08 05:59:15 (3308046) [INFO]	Calculating footprints in regions...
2024-08-08 05:59:16 (3308046) [INFO]	Progress 0%
2024-08-08 06:13:53 (3308046) [INFO]	Progress 10.0%
2024-08-08 06:14:12 (3308046) [INFO]	Progress 20.0%
2024-08-08 06:14:18 (3308046) [INFO]	Progress 30.0%
2024-08-08 06:14:21 (3308046) [INFO]	Progress 40.0%
2024-08-08 06:14:34 (3308046) [INFO]	Progress 50.0%
2024-08-08 06:14:38 (3308046) [INFO]	Progress 60.0%
2024-08-08 06:14:43 (3308046) [INFO]	Progress 70.0%
2024-08-08 06:15:06 (3308046) [INFO]	Progress 80.0%
2024-08-08 06:15:14 (3308046) [INFO]	Progress 90.0%
2024-08-08 06:15:37 (3308046) [INFO]	Progress 100.0%
2024-08-08 06:15:37 (3308046) [INFO]	Progress done!
2024-08-08 06:16:03 (3308221) [INFO]	Closing /home/kfirinbal/ATAC-seq_CovVac/Groups/CD8/CD8_Poor/ScoreBigWig//G52CD8_S145932_footprints.bw (this might take some time)

2024-08-08 06:16:36 (3308046) [INFO]	Finished ScoreBigwig run (total time elapsed: 0:17:22.981794)
# TOBIAS 0.17.0 ScoreBigwig (run started 2024-08-08 06:16:37.581903)
# Working directory: /home/kfirinbal/ATAC-seq_CovVac/Groups
# Command line call: TOBIAS ScoreBigwig --signal /home/kfirinbal/ATAC-seq_CovVac/Groups/CD8/CD8_Poor/./ATACorrect//G81CD8_S145924_NoMT_subset.blacklist-filtered.shifted.sorted_corrected.bw --regions /home/kfirinbal/ATAC-seq_CovVac/Groups/CD8/CD8_Poor/Peaks/merged_peaks.narrowPeak --output /home/kfirinbal/ATAC-seq_CovVac/Groups/CD8/CD8_Poor/ScoreBigWig//G81CD8_S145924_footprints.bw --cores 30 --split 10

# ----- Input parameters -----
# signal:	/home/kfirinbal/ATAC-seq_CovVac/Groups/CD8/CD8_Poor/./ATACorrect//G81CD8_S145924_NoMT_subset.blacklist-filtered.shifted.sorted_corrected.bw
# output:	/home/kfirinbal/ATAC-seq_CovVac/Groups/CD8/CD8_Poor/ScoreBigWig//G81CD8_S145924_footprints.bw
# regions:	/home/kfirinbal/ATAC-seq_CovVac/Groups/CD8/CD8_Poor/Peaks/merged_peaks.narrowPeak
# score:	footprint
# absolute:	False
# extend:	100
# smooth:	1
# min_limit:	None
# max_limit:	None
# fp_min:	20
# fp_max:	50
# flank_min:	10
# flank_max:	30
# window:	100
# cores:	30
# split:	10
# verbosity:	3


# ----- Output files -----
# /home/kfirinbal/ATAC-seq_CovVac/Groups/CD8/CD8_Poor/ScoreBigWig//G81CD8_S145924_footprints.bw


2024-08-08 06:16:37 (3314734) [INFO]	Processing input files
2024-08-08 06:16:37 (3314734) [INFO]	- Opening input cutsite bigwig
2024-08-08 06:16:37 (3314734) [INFO]	- Getting output regions ready
2024-08-08 06:16:39 (3314734) [INFO]	Calculating footprints in regions...
2024-08-08 06:16:40 (3314734) [INFO]	Progress 0%
2024-08-08 06:31:11 (3314734) [INFO]	Progress 10.0%
2024-08-08 06:31:19 (3314734) [INFO]	Progress 20.0%
2024-08-08 06:31:33 (3314734) [INFO]	Progress 30.0%
2024-08-08 06:31:35 (3314734) [INFO]	Progress 40.0%
2024-08-08 06:31:49 (3314734) [INFO]	Progress 50.0%
2024-08-08 06:31:53 (3314734) [INFO]	Progress 60.0%
2024-08-08 06:31:57 (3314734) [INFO]	Progress 70.0%
2024-08-08 06:32:17 (3314734) [INFO]	Progress 80.0%
2024-08-08 06:32:27 (3314734) [INFO]	Progress 90.0%
2024-08-08 06:32:48 (3314734) [INFO]	Progress 100.0%
2024-08-08 06:32:48 (3314734) [INFO]	Progress done!
2024-08-08 06:33:14 (3314909) [INFO]	Closing /home/kfirinbal/ATAC-seq_CovVac/Groups/CD8/CD8_Poor/ScoreBigWig//G81CD8_S145924_footprints.bw (this might take some time)

2024-08-08 06:33:47 (3314734) [INFO]	Finished ScoreBigwig run (total time elapsed: 0:17:09.701501)
